[INFO] : 02-09-2022 23:53:52 - new season type
[INFO] : 02-09-2022 23:54:22 - Day 1: Thursday, August 5, 2021
[INFO] : 02-09-2022 23:54:28 - new match
[INFO] : 02-09-2022 23:54:28 - date formatted
[INFO] : 02-09-2022 23:54:28 - date formatted
[INFO] : 02-09-2022 23:54:41 - Day 2: Thursday, August 12, 2021
[INFO] : 02-09-2022 23:54:41 - new match
[INFO] : 02-09-2022 23:54:41 - date formatted
[INFO] : 02-09-2022 23:54:41 - date formatted
[INFO] : 02-09-2022 23:54:41 - new match
[INFO] : 02-09-2022 23:54:41 - date formatted
[INFO] : 02-09-2022 23:54:41 - date formatted
[INFO] : 02-09-2022 23:54:41 - Day 3: Friday, August 13, 2021
[INFO] : 02-09-2022 23:54:41 - new match
[INFO] : 02-09-2022 23:54:41 - date formatted
[INFO] : 02-09-2022 23:54:41 - date formatted
[INFO] : 02-09-2022 23:54:41 - new match
[INFO] : 02-09-2022 23:54:41 - date formatted
[INFO] : 02-09-2022 23:54:41 - date formatted
[INFO] : 02-09-2022 23:54:41 - new match
[INFO] : 02-09-2022 23:54:41 - date formatted
[INFO] : 02-09-2022 23:54:41 - date formatted
[INFO] : 02-09-2022 23:54:45 - Day 4: Saturday, August 14, 2021
[INFO] : 02-09-2022 23:54:45 - new match
[INFO] : 02-09-2022 23:54:45 - date formatted
[INFO] : 02-09-2022 23:54:46 - date formatted
[INFO] : 02-09-2022 23:54:46 - new match
[INFO] : 02-09-2022 23:54:46 - date formatted
[INFO] : 02-09-2022 23:54:46 - date formatted
[INFO] : 02-09-2022 23:54:46 - new match
[INFO] : 02-09-2022 23:54:46 - date formatted
[INFO] : 02-09-2022 23:54:46 - date formatted
[INFO] : 02-09-2022 23:54:46 - new match
[INFO] : 02-09-2022 23:54:46 - date formatted
[INFO] : 02-09-2022 23:54:46 - date formatted
[INFO] : 02-09-2022 23:54:46 - new match
[INFO] : 02-09-2022 23:54:46 - date formatted
[INFO] : 02-09-2022 23:54:46 - date formatted
[INFO] : 02-09-2022 23:54:46 - new match
[INFO] : 02-09-2022 23:54:46 - date formatted
[INFO] : 02-09-2022 23:54:46 - date formatted
[INFO] : 02-09-2022 23:54:46 - new match
[INFO] : 02-09-2022 23:54:46 - date formatted
[INFO] : 02-09-2022 23:54:46 - date formatted
[INFO] : 02-09-2022 23:54:46 - new match
[INFO] : 02-09-2022 23:54:47 - date formatted
[INFO] : 02-09-2022 23:54:47 - date formatted
[INFO] : 02-09-2022 23:54:47 - new match
[INFO] : 02-09-2022 23:54:47 - date formatted
[INFO] : 02-09-2022 23:54:47 - date formatted
[INFO] : 02-09-2022 23:54:47 - new match
[INFO] : 02-09-2022 23:54:47 - date formatted
[INFO] : 02-09-2022 23:54:47 - date formatted
[INFO] : 02-09-2022 23:54:47 - Day 5: Sunday, August 15, 2021
[INFO] : 02-09-2022 23:54:47 - new match
[INFO] : 02-09-2022 23:54:47 - date formatted
[INFO] : 02-09-2022 23:54:47 - date formatted
[INFO] : 02-09-2022 23:54:57 - Day 6: Thursday, August 19, 2021
[INFO] : 02-09-2022 23:54:57 - new match
[INFO] : 02-09-2022 23:55:06 - date formatted
[INFO] : 02-09-2022 23:55:06 - date formatted
[INFO] : 02-09-2022 23:55:06 - Day 7: Friday, August 20, 2021
[INFO] : 02-09-2022 23:55:06 - new match
[INFO] : 02-09-2022 23:55:06 - date formatted
[INFO] : 02-09-2022 23:55:06 - date formatted
[INFO] : 02-09-2022 23:55:06 - new match
[INFO] : 02-09-2022 23:55:06 - date formatted
[INFO] : 02-09-2022 23:55:06 - date formatted
[INFO] : 02-09-2022 23:55:06 - Day 8: Saturday, August 21, 2021
[INFO] : 02-09-2022 23:55:06 - new match
[INFO] : 02-09-2022 23:55:06 - date formatted
[INFO] : 02-09-2022 23:55:06 - date formatted
[INFO] : 02-09-2022 23:55:06 - new match
[INFO] : 02-09-2022 23:55:06 - date formatted
[INFO] : 02-09-2022 23:55:06 - date formatted
[INFO] : 02-09-2022 23:55:06 - new match
[INFO] : 02-09-2022 23:55:07 - date formatted
[INFO] : 02-09-2022 23:55:07 - date formatted
[INFO] : 02-09-2022 23:55:07 - new match
[INFO] : 02-09-2022 23:55:07 - date formatted
[INFO] : 02-09-2022 23:55:07 - date formatted
[INFO] : 02-09-2022 23:55:07 - new match
[INFO] : 02-09-2022 23:55:07 - date formatted
[INFO] : 02-09-2022 23:55:07 - date formatted
[INFO] : 02-09-2022 23:55:07 - new match
[INFO] : 02-09-2022 23:55:07 - date formatted
[INFO] : 02-09-2022 23:55:07 - date formatted
[INFO] : 02-09-2022 23:55:07 - new match
[INFO] : 02-09-2022 23:55:07 - date formatted
[INFO] : 02-09-2022 23:55:07 - date formatted
[INFO] : 02-09-2022 23:55:07 - new match
[INFO] : 02-09-2022 23:55:07 - date formatted
[INFO] : 02-09-2022 23:55:07 - date formatted
[INFO] : 02-09-2022 23:55:07 - new match
[INFO] : 02-09-2022 23:55:07 - date formatted
[INFO] : 02-09-2022 23:55:07 - date formatted
[INFO] : 02-09-2022 23:55:07 - new match
[INFO] : 02-09-2022 23:55:08 - date formatted
[INFO] : 02-09-2022 23:55:08 - date formatted
[INFO] : 02-09-2022 23:55:08 - Day 9: Sunday, August 22, 2021
[INFO] : 02-09-2022 23:55:08 - new match
[INFO] : 02-09-2022 23:55:08 - date formatted
[INFO] : 02-09-2022 23:55:08 - date formatted
[INFO] : 02-09-2022 23:55:08 - new match
[INFO] : 02-09-2022 23:55:08 - date formatted
[INFO] : 02-09-2022 23:55:08 - date formatted
[INFO] : 02-09-2022 23:55:08 - Day 10: Monday, August 23, 2021
[INFO] : 02-09-2022 23:55:08 - new match
[INFO] : 02-09-2022 23:55:08 - date formatted
[INFO] : 02-09-2022 23:55:08 - date formatted
[INFO] : 02-09-2022 23:55:14 - Day 11: Friday, August 27, 2021
[INFO] : 02-09-2022 23:55:16 - new match
[INFO] : 02-09-2022 23:55:16 - date formatted
[INFO] : 02-09-2022 23:55:16 - date formatted
[INFO] : 02-09-2022 23:55:16 - new match
[INFO] : 02-09-2022 23:55:16 - date formatted
[INFO] : 02-09-2022 23:55:16 - date formatted
[INFO] : 02-09-2022 23:55:16 - new match
[INFO] : 02-09-2022 23:55:16 - date formatted
[INFO] : 02-09-2022 23:55:16 - date formatted
[INFO] : 02-09-2022 23:55:16 - new match
[INFO] : 02-09-2022 23:55:16 - date formatted
[INFO] : 02-09-2022 23:55:17 - date formatted
[INFO] : 02-09-2022 23:55:17 - Day 12: Saturday, August 28, 2021
[INFO] : 02-09-2022 23:55:17 - new match
[INFO] : 02-09-2022 23:55:17 - date formatted
[INFO] : 02-09-2022 23:55:17 - date formatted
[INFO] : 02-09-2022 23:55:17 - new match
[INFO] : 02-09-2022 23:55:18 - date formatted
[INFO] : 02-09-2022 23:55:18 - date formatted
[INFO] : 02-09-2022 23:55:18 - new match
[INFO] : 02-09-2022 23:55:19 - date formatted
[INFO] : 02-09-2022 23:55:19 - date formatted
[INFO] : 02-09-2022 23:55:19 - new match
[INFO] : 02-09-2022 23:55:19 - date formatted
[INFO] : 02-09-2022 23:55:19 - date formatted
[INFO] : 02-09-2022 23:55:19 - new match
[INFO] : 02-09-2022 23:55:19 - date formatted
[INFO] : 02-09-2022 23:55:19 - date formatted
[INFO] : 02-09-2022 23:55:19 - new match
[INFO] : 02-09-2022 23:55:19 - date formatted
[INFO] : 02-09-2022 23:55:19 - date formatted
[INFO] : 02-09-2022 23:55:19 - new match
[INFO] : 02-09-2022 23:55:19 - date formatted
[INFO] : 02-09-2022 23:55:19 - date formatted
[INFO] : 02-09-2022 23:55:19 - Day 13: Sunday, August 29, 2021
[INFO] : 02-09-2022 23:55:19 - new match
[INFO] : 02-09-2022 23:55:19 - date formatted
[INFO] : 02-09-2022 23:55:19 - date formatted
[INFO] : 02-09-2022 23:55:19 - new match
[INFO] : 02-09-2022 23:55:19 - date formatted
[INFO] : 02-09-2022 23:55:20 - date formatted
[INFO] : 02-09-2022 23:55:20 - new match
[INFO] : 02-09-2022 23:55:20 - date formatted
[INFO] : 02-09-2022 23:55:20 - date formatted
[INFO] : 02-09-2022 23:55:20 - new match
[INFO] : 02-09-2022 23:55:20 - date formatted
[INFO] : 02-09-2022 23:55:20 - date formatted
[INFO] : 02-09-2022 23:55:20 - new match
[INFO] : 02-09-2022 23:55:20 - date formatted
[INFO] : 02-09-2022 23:55:20 - date formatted
[INFO] : 02-09-2022 23:55:20 - new season type
[INFO] : 02-09-2022 23:55:26 - Day 14: Thursday, September 9, 2021
[INFO] : 02-09-2022 23:55:26 - new match
[INFO] : 02-09-2022 23:55:27 - date formatted
[INFO] : 02-09-2022 23:55:27 - date formatted
[INFO] : 02-09-2022 23:55:27 - Day 15: Sunday, September 12, 2021
[INFO] : 02-09-2022 23:55:28 - new match
[INFO] : 02-09-2022 23:55:28 - date formatted
[INFO] : 02-09-2022 23:55:28 - date formatted
[INFO] : 02-09-2022 23:55:28 - new match
[INFO] : 02-09-2022 23:55:28 - date formatted
[INFO] : 02-09-2022 23:55:28 - date formatted
[INFO] : 02-09-2022 23:55:28 - new match
[INFO] : 02-09-2022 23:55:28 - date formatted
[INFO] : 02-09-2022 23:55:28 - date formatted
[INFO] : 02-09-2022 23:55:28 - new match
[INFO] : 02-09-2022 23:55:28 - date formatted
[INFO] : 02-09-2022 23:55:28 - date formatted
[INFO] : 02-09-2022 23:55:29 - new match
[INFO] : 02-09-2022 23:55:31 - date formatted
[INFO] : 02-09-2022 23:55:31 - date formatted
[INFO] : 02-09-2022 23:55:31 - new match
[INFO] : 02-09-2022 23:55:31 - date formatted
[INFO] : 02-09-2022 23:55:31 - date formatted
[INFO] : 02-09-2022 23:55:31 - new match
[INFO] : 02-09-2022 23:55:31 - date formatted
[INFO] : 02-09-2022 23:55:31 - date formatted
[INFO] : 02-09-2022 23:55:31 - new match
[INFO] : 02-09-2022 23:55:31 - date formatted
[INFO] : 02-09-2022 23:55:32 - date formatted
[INFO] : 02-09-2022 23:55:32 - new match
[INFO] : 02-09-2022 23:55:32 - date formatted
[INFO] : 02-09-2022 23:55:32 - date formatted
[INFO] : 02-09-2022 23:55:32 - new match
[INFO] : 02-09-2022 23:55:32 - date formatted
[INFO] : 02-09-2022 23:55:32 - date formatted
[INFO] : 02-09-2022 23:55:32 - new match
[INFO] : 02-09-2022 23:55:32 - date formatted
[INFO] : 02-09-2022 23:55:33 - date formatted
[INFO] : 02-09-2022 23:55:33 - new match
[INFO] : 02-09-2022 23:55:33 - date formatted
[INFO] : 02-09-2022 23:55:33 - date formatted
[INFO] : 02-09-2022 23:55:33 - new match
[INFO] : 02-09-2022 23:55:33 - date formatted
[INFO] : 02-09-2022 23:55:33 - date formatted
[INFO] : 02-09-2022 23:55:33 - new match
[INFO] : 02-09-2022 23:55:33 - date formatted
[INFO] : 02-09-2022 23:55:33 - date formatted
[INFO] : 02-09-2022 23:55:33 - Day 16: Monday, September 13, 2021
[INFO] : 02-09-2022 23:55:33 - new match
[INFO] : 02-09-2022 23:55:33 - date formatted
[INFO] : 02-09-2022 23:55:33 - date formatted
[INFO] : 02-09-2022 23:55:39 - Day 17: Thursday, September 16, 2021
[INFO] : 02-09-2022 23:55:40 - new match
[INFO] : 02-09-2022 23:55:40 - date formatted
[INFO] : 02-09-2022 23:55:40 - date formatted
[INFO] : 02-09-2022 23:55:40 - Day 18: Sunday, September 19, 2021
[INFO] : 02-09-2022 23:55:40 - new match
[INFO] : 02-09-2022 23:55:40 - date formatted
[INFO] : 02-09-2022 23:55:40 - date formatted
[INFO] : 02-09-2022 23:55:40 - new match
[INFO] : 02-09-2022 23:55:40 - date formatted
[INFO] : 02-09-2022 23:55:40 - date formatted
[INFO] : 02-09-2022 23:55:40 - new match
[INFO] : 02-09-2022 23:55:41 - date formatted
[INFO] : 02-09-2022 23:55:41 - date formatted
[INFO] : 02-09-2022 23:55:41 - new match
[INFO] : 02-09-2022 23:55:41 - date formatted
[INFO] : 02-09-2022 23:55:41 - date formatted
[INFO] : 02-09-2022 23:55:41 - new match
[INFO] : 02-09-2022 23:55:41 - date formatted
[INFO] : 02-09-2022 23:55:43 - date formatted
[INFO] : 02-09-2022 23:55:43 - new match
[INFO] : 02-09-2022 23:55:43 - date formatted
[INFO] : 02-09-2022 23:55:43 - date formatted
[INFO] : 02-09-2022 23:55:43 - new match
[INFO] : 02-09-2022 23:55:44 - date formatted
[INFO] : 02-09-2022 23:55:44 - date formatted
[INFO] : 02-09-2022 23:55:44 - new match
[INFO] : 02-09-2022 23:55:44 - date formatted
[INFO] : 02-09-2022 23:55:44 - date formatted
[INFO] : 02-09-2022 23:55:44 - new match
[INFO] : 02-09-2022 23:55:44 - date formatted
[INFO] : 02-09-2022 23:55:44 - date formatted
[INFO] : 02-09-2022 23:55:44 - new match
[INFO] : 02-09-2022 23:55:44 - date formatted
[INFO] : 02-09-2022 23:55:44 - date formatted
[INFO] : 02-09-2022 23:55:44 - new match
[INFO] : 02-09-2022 23:55:44 - date formatted
[INFO] : 02-09-2022 23:55:44 - date formatted
[INFO] : 02-09-2022 23:55:44 - new match
[INFO] : 02-09-2022 23:55:45 - date formatted
[INFO] : 02-09-2022 23:55:45 - date formatted
[INFO] : 02-09-2022 23:55:45 - new match
[INFO] : 02-09-2022 23:55:45 - date formatted
[INFO] : 02-09-2022 23:55:45 - date formatted
[INFO] : 02-09-2022 23:55:45 - new match
[INFO] : 02-09-2022 23:55:46 - date formatted
[INFO] : 02-09-2022 23:55:46 - date formatted
[INFO] : 02-09-2022 23:55:46 - Day 19: Monday, September 20, 2021
[INFO] : 02-09-2022 23:55:46 - new match
[INFO] : 02-09-2022 23:55:46 - date formatted
[INFO] : 02-09-2022 23:55:46 - date formatted
[INFO] : 02-09-2022 23:55:51 - Day 20: Thursday, September 23, 2021
[INFO] : 02-09-2022 23:55:51 - new match
[INFO] : 02-09-2022 23:55:53 - date formatted
[INFO] : 02-09-2022 23:55:53 - date formatted
[INFO] : 02-09-2022 23:55:53 - Day 21: Sunday, September 26, 2021
[INFO] : 02-09-2022 23:55:53 - new match
[INFO] : 02-09-2022 23:55:53 - date formatted
[INFO] : 02-09-2022 23:55:53 - date formatted
[INFO] : 02-09-2022 23:55:53 - new match
[INFO] : 02-09-2022 23:55:54 - date formatted
[INFO] : 02-09-2022 23:55:54 - date formatted
[INFO] : 02-09-2022 23:55:54 - new match
[INFO] : 02-09-2022 23:55:54 - date formatted
[INFO] : 02-09-2022 23:55:54 - date formatted
[INFO] : 02-09-2022 23:55:54 - new match
[INFO] : 02-09-2022 23:55:54 - date formatted
[INFO] : 02-09-2022 23:55:54 - date formatted
[INFO] : 02-09-2022 23:55:54 - new match
[INFO] : 02-09-2022 23:55:54 - date formatted
[INFO] : 02-09-2022 23:55:55 - date formatted
[INFO] : 02-09-2022 23:55:55 - new match
[INFO] : 02-09-2022 23:55:55 - date formatted
[INFO] : 02-09-2022 23:55:56 - date formatted
[INFO] : 02-09-2022 23:55:56 - new match
[INFO] : 02-09-2022 23:55:56 - date formatted
[INFO] : 02-09-2022 23:55:57 - date formatted
[INFO] : 02-09-2022 23:55:57 - new match
[INFO] : 02-09-2022 23:55:57 - date formatted
[INFO] : 02-09-2022 23:55:57 - date formatted
[INFO] : 02-09-2022 23:55:57 - new match
[INFO] : 02-09-2022 23:55:57 - date formatted
[INFO] : 02-09-2022 23:55:57 - date formatted
[INFO] : 02-09-2022 23:55:57 - new match
[INFO] : 02-09-2022 23:55:57 - date formatted
[INFO] : 02-09-2022 23:55:57 - date formatted
[INFO] : 02-09-2022 23:55:57 - new match
[INFO] : 02-09-2022 23:55:58 - date formatted
[INFO] : 02-09-2022 23:55:58 - date formatted
[INFO] : 02-09-2022 23:55:58 - new match
[INFO] : 02-09-2022 23:55:58 - date formatted
[INFO] : 02-09-2022 23:55:58 - date formatted
[INFO] : 02-09-2022 23:55:58 - new match
[INFO] : 02-09-2022 23:55:58 - date formatted
[INFO] : 02-09-2022 23:55:58 - date formatted
[INFO] : 02-09-2022 23:55:58 - new match
[INFO] : 02-09-2022 23:55:58 - date formatted
[INFO] : 02-09-2022 23:55:58 - date formatted
[INFO] : 02-09-2022 23:55:58 - Day 22: Monday, September 27, 2021
[INFO] : 02-09-2022 23:55:58 - new match
[INFO] : 02-09-2022 23:55:58 - date formatted
[INFO] : 02-09-2022 23:55:58 - date formatted
[INFO] : 02-09-2022 23:56:06 - Day 23: Thursday, September 30, 2021
[INFO] : 02-09-2022 23:56:06 - new match
[INFO] : 02-09-2022 23:56:06 - date formatted
[INFO] : 02-09-2022 23:56:07 - date formatted
[INFO] : 02-09-2022 23:56:07 - Day 24: Sunday, October 3, 2021
[INFO] : 02-09-2022 23:56:07 - new match
[INFO] : 02-09-2022 23:56:07 - date formatted
[INFO] : 02-09-2022 23:56:07 - date formatted
[INFO] : 02-09-2022 23:56:07 - new match
[INFO] : 02-09-2022 23:56:07 - date formatted
[INFO] : 02-09-2022 23:56:07 - date formatted
[INFO] : 02-09-2022 23:56:07 - new match
[INFO] : 02-09-2022 23:56:10 - date formatted
[INFO] : 02-09-2022 23:56:11 - date formatted
[INFO] : 02-09-2022 23:56:11 - new match
[INFO] : 02-09-2022 23:56:11 - date formatted
[INFO] : 02-09-2022 23:56:11 - date formatted
[INFO] : 02-09-2022 23:56:11 - new match
[INFO] : 02-09-2022 23:56:11 - date formatted
[INFO] : 02-09-2022 23:56:11 - date formatted
[INFO] : 02-09-2022 23:56:11 - new match
[INFO] : 02-09-2022 23:56:11 - date formatted
[INFO] : 02-09-2022 23:56:12 - date formatted
[INFO] : 02-09-2022 23:56:12 - new match
[INFO] : 02-09-2022 23:56:12 - date formatted
[INFO] : 02-09-2022 23:56:12 - date formatted
[INFO] : 02-09-2022 23:56:12 - new match
[INFO] : 02-09-2022 23:56:12 - date formatted
[INFO] : 02-09-2022 23:56:12 - date formatted
[INFO] : 02-09-2022 23:56:12 - new match
[INFO] : 02-09-2022 23:56:12 - date formatted
[INFO] : 02-09-2022 23:56:12 - date formatted
[INFO] : 02-09-2022 23:56:12 - new match
[INFO] : 02-09-2022 23:56:12 - date formatted
[INFO] : 02-09-2022 23:56:12 - date formatted
[INFO] : 02-09-2022 23:56:12 - new match
[INFO] : 02-09-2022 23:56:12 - date formatted
[INFO] : 02-09-2022 23:56:12 - date formatted
[INFO] : 02-09-2022 23:56:12 - new match
[INFO] : 02-09-2022 23:56:13 - date formatted
[INFO] : 02-09-2022 23:56:13 - date formatted
[INFO] : 02-09-2022 23:56:13 - new match
[INFO] : 02-09-2022 23:56:13 - date formatted
[INFO] : 02-09-2022 23:56:13 - date formatted
[INFO] : 02-09-2022 23:56:13 - new match
[INFO] : 02-09-2022 23:56:13 - date formatted
[INFO] : 02-09-2022 23:56:13 - date formatted
[INFO] : 02-09-2022 23:56:13 - Day 25: Monday, October 4, 2021
[INFO] : 02-09-2022 23:56:13 - new match
[INFO] : 02-09-2022 23:56:13 - date formatted
[INFO] : 02-09-2022 23:56:14 - date formatted
[INFO] : 02-09-2022 23:56:23 - Day 26: Thursday, October 7, 2021
[INFO] : 02-09-2022 23:56:24 - new match
[INFO] : 02-09-2022 23:56:24 - date formatted
[INFO] : 02-09-2022 23:56:24 - date formatted
[INFO] : 02-09-2022 23:56:24 - Day 27: Sunday, October 10, 2021
[INFO] : 02-09-2022 23:56:24 - new match
[INFO] : 02-09-2022 23:56:24 - date formatted
[INFO] : 02-09-2022 23:56:24 - date formatted
[INFO] : 02-09-2022 23:56:24 - new match
[INFO] : 02-09-2022 23:56:25 - date formatted
[INFO] : 02-09-2022 23:56:25 - date formatted
[INFO] : 02-09-2022 23:56:25 - new match
[INFO] : 02-09-2022 23:56:25 - date formatted
[INFO] : 02-09-2022 23:56:25 - date formatted
[INFO] : 02-09-2022 23:56:25 - new match
[INFO] : 02-09-2022 23:56:26 - date formatted
[INFO] : 02-09-2022 23:56:26 - date formatted
[INFO] : 02-09-2022 23:56:26 - new match
[INFO] : 02-09-2022 23:56:26 - date formatted
[INFO] : 02-09-2022 23:56:26 - date formatted
[INFO] : 02-09-2022 23:56:26 - new match
[INFO] : 02-09-2022 23:56:26 - date formatted
[INFO] : 02-09-2022 23:56:26 - date formatted
[INFO] : 02-09-2022 23:56:26 - new match
[INFO] : 02-09-2022 23:56:26 - date formatted
[INFO] : 02-09-2022 23:56:26 - date formatted
[INFO] : 02-09-2022 23:56:26 - new match
[INFO] : 02-09-2022 23:56:26 - date formatted
[INFO] : 02-09-2022 23:56:26 - date formatted
[INFO] : 02-09-2022 23:56:26 - new match
[INFO] : 02-09-2022 23:56:27 - date formatted
[INFO] : 02-09-2022 23:56:27 - date formatted
[INFO] : 02-09-2022 23:56:27 - new match
[INFO] : 02-09-2022 23:56:27 - date formatted
[INFO] : 02-09-2022 23:56:27 - date formatted
[INFO] : 02-09-2022 23:56:27 - new match
[INFO] : 02-09-2022 23:56:27 - date formatted
[INFO] : 02-09-2022 23:56:27 - date formatted
[INFO] : 02-09-2022 23:56:27 - new match
[INFO] : 02-09-2022 23:56:27 - date formatted
[INFO] : 02-09-2022 23:56:27 - date formatted
[INFO] : 02-09-2022 23:56:27 - new match
[INFO] : 02-09-2022 23:56:27 - date formatted
[INFO] : 02-09-2022 23:56:27 - date formatted
[INFO] : 02-09-2022 23:56:27 - new match
[INFO] : 02-09-2022 23:56:27 - date formatted
[INFO] : 02-09-2022 23:56:27 - date formatted
[INFO] : 02-09-2022 23:56:28 - Day 28: Monday, October 11, 2021
[INFO] : 02-09-2022 23:56:28 - new match
[INFO] : 02-09-2022 23:56:28 - date formatted
[INFO] : 02-09-2022 23:56:28 - date formatted
[INFO] : 02-09-2022 23:56:35 - Day 29: Thursday, October 14, 2021
[INFO] : 02-09-2022 23:56:35 - new match
[INFO] : 02-09-2022 23:56:35 - date formatted
[INFO] : 02-09-2022 23:56:35 - date formatted
[INFO] : 02-09-2022 23:56:35 - Day 30: Sunday, October 17, 2021
[INFO] : 02-09-2022 23:56:35 - new match
[INFO] : 02-09-2022 23:56:35 - date formatted
[INFO] : 02-09-2022 23:56:36 - date formatted
[INFO] : 02-09-2022 23:56:36 - new match
[INFO] : 02-09-2022 23:56:36 - date formatted
[INFO] : 02-09-2022 23:56:36 - date formatted
[INFO] : 02-09-2022 23:56:36 - new match
[INFO] : 02-09-2022 23:56:36 - date formatted
[INFO] : 02-09-2022 23:56:36 - date formatted
[INFO] : 02-09-2022 23:56:36 - new match
[INFO] : 02-09-2022 23:56:36 - date formatted
[INFO] : 02-09-2022 23:56:36 - date formatted
[INFO] : 02-09-2022 23:56:36 - new match
[INFO] : 02-09-2022 23:56:36 - date formatted
[INFO] : 02-09-2022 23:56:36 - date formatted
[INFO] : 02-09-2022 23:56:36 - new match
[INFO] : 02-09-2022 23:56:36 - date formatted
[INFO] : 02-09-2022 23:56:36 - date formatted
[INFO] : 02-09-2022 23:56:36 - new match
[INFO] : 02-09-2022 23:56:36 - date formatted
[INFO] : 02-09-2022 23:56:37 - date formatted
[INFO] : 02-09-2022 23:56:37 - new match
[INFO] : 02-09-2022 23:56:37 - date formatted
[INFO] : 02-09-2022 23:56:37 - date formatted
[INFO] : 02-09-2022 23:56:37 - new match
[INFO] : 02-09-2022 23:56:38 - date formatted
[INFO] : 02-09-2022 23:56:38 - date formatted
[INFO] : 02-09-2022 23:56:38 - new match
[INFO] : 02-09-2022 23:56:39 - date formatted
[INFO] : 02-09-2022 23:56:39 - date formatted
[INFO] : 02-09-2022 23:56:39 - new match
[INFO] : 02-09-2022 23:56:39 - date formatted
[INFO] : 02-09-2022 23:56:39 - date formatted
[INFO] : 02-09-2022 23:56:39 - new match
[INFO] : 02-09-2022 23:56:39 - date formatted
[INFO] : 02-09-2022 23:56:39 - date formatted
[INFO] : 02-09-2022 23:56:39 - Day 31: Monday, October 18, 2021
[INFO] : 02-09-2022 23:56:39 - new match
[INFO] : 02-09-2022 23:56:39 - date formatted
[INFO] : 02-09-2022 23:56:39 - date formatted
[INFO] : 02-09-2022 23:56:46 - Day 32: Thursday, October 21, 2021
[INFO] : 02-09-2022 23:56:46 - new match
[INFO] : 02-09-2022 23:56:46 - date formatted
[INFO] : 02-09-2022 23:56:46 - date formatted
[INFO] : 02-09-2022 23:56:46 - Day 33: Sunday, October 24, 2021
[INFO] : 02-09-2022 23:56:46 - new match
[INFO] : 02-09-2022 23:56:47 - date formatted
[INFO] : 02-09-2022 23:56:47 - date formatted
[INFO] : 02-09-2022 23:56:47 - new match
[INFO] : 02-09-2022 23:56:47 - date formatted
[INFO] : 02-09-2022 23:56:47 - date formatted
[INFO] : 02-09-2022 23:56:47 - new match
[INFO] : 02-09-2022 23:56:47 - date formatted
[INFO] : 02-09-2022 23:56:47 - date formatted
[INFO] : 02-09-2022 23:56:47 - new match
[INFO] : 02-09-2022 23:56:47 - date formatted
[INFO] : 02-09-2022 23:56:47 - date formatted
[INFO] : 02-09-2022 23:56:47 - new match
[INFO] : 02-09-2022 23:56:47 - date formatted
[INFO] : 02-09-2022 23:56:48 - date formatted
[INFO] : 02-09-2022 23:56:48 - new match
[INFO] : 02-09-2022 23:56:48 - date formatted
[INFO] : 02-09-2022 23:56:48 - date formatted
[INFO] : 02-09-2022 23:56:48 - new match
[INFO] : 02-09-2022 23:56:48 - date formatted
[INFO] : 02-09-2022 23:56:48 - date formatted
[INFO] : 02-09-2022 23:56:48 - new match
[INFO] : 02-09-2022 23:56:48 - date formatted
[INFO] : 02-09-2022 23:56:48 - date formatted
[INFO] : 02-09-2022 23:56:48 - new match
[INFO] : 02-09-2022 23:56:48 - date formatted
[INFO] : 02-09-2022 23:56:48 - date formatted
[INFO] : 02-09-2022 23:56:48 - new match
[INFO] : 02-09-2022 23:56:48 - date formatted
[INFO] : 02-09-2022 23:56:48 - date formatted
[INFO] : 02-09-2022 23:56:48 - new match
[INFO] : 02-09-2022 23:56:48 - date formatted
[INFO] : 02-09-2022 23:56:48 - date formatted
[INFO] : 02-09-2022 23:56:48 - Day 34: Monday, October 25, 2021
[INFO] : 02-09-2022 23:56:48 - new match
[INFO] : 02-09-2022 23:56:48 - date formatted
[INFO] : 02-09-2022 23:56:50 - date formatted
[INFO] : 02-09-2022 23:56:57 - Day 35: Thursday, October 28, 2021
[INFO] : 02-09-2022 23:56:57 - new match
[INFO] : 02-09-2022 23:56:57 - date formatted
[INFO] : 02-09-2022 23:56:57 - date formatted
[INFO] : 02-09-2022 23:56:57 - Day 36: Sunday, October 31, 2021
[INFO] : 02-09-2022 23:56:57 - new match
[INFO] : 02-09-2022 23:56:57 - date formatted
[INFO] : 02-09-2022 23:56:57 - date formatted
[INFO] : 02-09-2022 23:56:57 - new match
[INFO] : 02-09-2022 23:56:57 - date formatted
[INFO] : 02-09-2022 23:56:57 - date formatted
[INFO] : 02-09-2022 23:56:57 - new match
[INFO] : 02-09-2022 23:56:58 - date formatted
[INFO] : 02-09-2022 23:56:58 - date formatted
[INFO] : 02-09-2022 23:56:58 - new match
[INFO] : 02-09-2022 23:56:58 - date formatted
[INFO] : 02-09-2022 23:56:58 - date formatted
[INFO] : 02-09-2022 23:56:58 - new match
[INFO] : 02-09-2022 23:56:58 - date formatted
[INFO] : 02-09-2022 23:56:58 - date formatted
[INFO] : 02-09-2022 23:56:58 - new match
[INFO] : 02-09-2022 23:56:59 - date formatted
[INFO] : 02-09-2022 23:56:59 - date formatted
[INFO] : 02-09-2022 23:56:59 - new match
[INFO] : 02-09-2022 23:57:00 - date formatted
[INFO] : 02-09-2022 23:57:00 - date formatted
[INFO] : 02-09-2022 23:57:00 - new match
[INFO] : 02-09-2022 23:57:00 - date formatted
[INFO] : 02-09-2022 23:57:00 - date formatted
[INFO] : 02-09-2022 23:57:00 - new match
[INFO] : 02-09-2022 23:57:00 - date formatted
[INFO] : 02-09-2022 23:57:00 - date formatted
[INFO] : 02-09-2022 23:57:00 - new match
[INFO] : 02-09-2022 23:57:00 - date formatted
[INFO] : 02-09-2022 23:57:00 - date formatted
[INFO] : 02-09-2022 23:57:00 - new match
[INFO] : 02-09-2022 23:57:00 - date formatted
[INFO] : 02-09-2022 23:57:00 - date formatted
[INFO] : 02-09-2022 23:57:00 - new match
[INFO] : 02-09-2022 23:57:00 - date formatted
[INFO] : 02-09-2022 23:57:00 - date formatted
[INFO] : 02-09-2022 23:57:00 - new match
[INFO] : 02-09-2022 23:57:01 - date formatted
[INFO] : 02-09-2022 23:57:01 - date formatted
[INFO] : 02-09-2022 23:57:01 - Day 37: Monday, November 1, 2021
[INFO] : 02-09-2022 23:57:01 - new match
[INFO] : 02-09-2022 23:57:01 - date formatted
[INFO] : 02-09-2022 23:57:01 - date formatted
[INFO] : 02-09-2022 23:57:09 - Day 38: Thursday, November 4, 2021
[INFO] : 02-09-2022 23:57:09 - new match
[INFO] : 02-09-2022 23:57:09 - date formatted
[INFO] : 02-09-2022 23:57:10 - date formatted
[INFO] : 02-09-2022 23:57:10 - Day 39: Sunday, November 7, 2021
[INFO] : 02-09-2022 23:57:10 - new match
[INFO] : 02-09-2022 23:57:10 - date formatted
[INFO] : 02-09-2022 23:57:10 - date formatted
[INFO] : 02-09-2022 23:57:10 - new match
[INFO] : 02-09-2022 23:57:10 - date formatted
[INFO] : 02-09-2022 23:57:11 - date formatted
[INFO] : 02-09-2022 23:57:11 - new match
[INFO] : 02-09-2022 23:57:11 - date formatted
[INFO] : 02-09-2022 23:57:11 - date formatted
[INFO] : 02-09-2022 23:57:11 - new match
[INFO] : 02-09-2022 23:57:11 - date formatted
[INFO] : 02-09-2022 23:57:11 - date formatted
[INFO] : 02-09-2022 23:57:11 - new match
[INFO] : 02-09-2022 23:57:11 - date formatted
[INFO] : 02-09-2022 23:57:11 - date formatted
[INFO] : 02-09-2022 23:57:11 - new match
[INFO] : 02-09-2022 23:57:11 - date formatted
[INFO] : 02-09-2022 23:57:13 - date formatted
[INFO] : 02-09-2022 23:57:13 - new match
[INFO] : 02-09-2022 23:57:13 - date formatted
[INFO] : 02-09-2022 23:57:13 - date formatted
[INFO] : 02-09-2022 23:57:13 - new match
[INFO] : 02-09-2022 23:57:13 - date formatted
[INFO] : 02-09-2022 23:57:13 - date formatted
[INFO] : 02-09-2022 23:57:13 - new match
[INFO] : 02-09-2022 23:57:13 - date formatted
[INFO] : 02-09-2022 23:57:13 - date formatted
[INFO] : 02-09-2022 23:57:13 - new match
[INFO] : 02-09-2022 23:57:13 - date formatted
[INFO] : 02-09-2022 23:57:13 - date formatted
[INFO] : 02-09-2022 23:57:13 - new match
[INFO] : 02-09-2022 23:57:13 - date formatted
[INFO] : 02-09-2022 23:57:14 - date formatted
[INFO] : 02-09-2022 23:57:14 - new match
[INFO] : 02-09-2022 23:57:14 - date formatted
[INFO] : 02-09-2022 23:57:14 - date formatted
[INFO] : 02-09-2022 23:57:14 - Day 40: Monday, November 8, 2021
[INFO] : 02-09-2022 23:57:14 - new match
[INFO] : 02-09-2022 23:57:14 - date formatted
[INFO] : 02-09-2022 23:57:14 - date formatted
[INFO] : 02-09-2022 23:57:21 - Day 41: Thursday, November 11, 2021
[INFO] : 02-09-2022 23:57:21 - new match
[INFO] : 02-09-2022 23:57:21 - date formatted
[INFO] : 02-09-2022 23:57:21 - date formatted
[INFO] : 02-09-2022 23:57:21 - Day 42: Sunday, November 14, 2021
[INFO] : 02-09-2022 23:57:21 - new match
[INFO] : 02-09-2022 23:57:21 - date formatted
[INFO] : 02-09-2022 23:57:21 - date formatted
[INFO] : 02-09-2022 23:57:21 - new match
[INFO] : 02-09-2022 23:57:21 - date formatted
[INFO] : 02-09-2022 23:57:21 - date formatted
[INFO] : 02-09-2022 23:57:21 - new match
[INFO] : 02-09-2022 23:57:22 - date formatted
[INFO] : 02-09-2022 23:57:22 - date formatted
[INFO] : 02-09-2022 23:57:22 - new match
[INFO] : 02-09-2022 23:57:22 - date formatted
[INFO] : 02-09-2022 23:57:22 - date formatted
[INFO] : 02-09-2022 23:57:22 - new match
[INFO] : 02-09-2022 23:57:22 - date formatted
[INFO] : 02-09-2022 23:57:22 - date formatted
[INFO] : 02-09-2022 23:57:22 - new match
[INFO] : 02-09-2022 23:57:22 - date formatted
[INFO] : 02-09-2022 23:57:22 - date formatted
[INFO] : 02-09-2022 23:57:22 - new match
[INFO] : 02-09-2022 23:57:22 - date formatted
[INFO] : 02-09-2022 23:57:22 - date formatted
[INFO] : 02-09-2022 23:57:22 - new match
[INFO] : 02-09-2022 23:57:25 - date formatted
[INFO] : 02-09-2022 23:57:25 - date formatted
[INFO] : 02-09-2022 23:57:25 - new match
[INFO] : 02-09-2022 23:57:26 - date formatted
[INFO] : 02-09-2022 23:57:26 - date formatted
[INFO] : 02-09-2022 23:57:26 - new match
[INFO] : 02-09-2022 23:57:26 - date formatted
[INFO] : 02-09-2022 23:57:26 - date formatted
[INFO] : 02-09-2022 23:57:26 - new match
[INFO] : 02-09-2022 23:57:26 - date formatted
[INFO] : 02-09-2022 23:57:26 - date formatted
[INFO] : 02-09-2022 23:57:26 - new match
[INFO] : 02-09-2022 23:57:26 - date formatted
[INFO] : 02-09-2022 23:57:27 - date formatted
[INFO] : 02-09-2022 23:57:27 - Day 43: Monday, November 15, 2021
[INFO] : 02-09-2022 23:57:27 - new match
[INFO] : 02-09-2022 23:57:27 - date formatted
[INFO] : 02-09-2022 23:57:27 - date formatted
[INFO] : 02-09-2022 23:57:34 - Day 44: Thursday, November 18, 2021
[INFO] : 02-09-2022 23:57:34 - new match
[INFO] : 02-09-2022 23:57:34 - date formatted
[INFO] : 02-09-2022 23:57:34 - date formatted
[INFO] : 02-09-2022 23:57:34 - Day 45: Sunday, November 21, 2021
[INFO] : 02-09-2022 23:57:34 - new match
[INFO] : 02-09-2022 23:57:35 - date formatted
[INFO] : 02-09-2022 23:57:35 - date formatted
[INFO] : 02-09-2022 23:57:35 - new match
[INFO] : 02-09-2022 23:57:35 - date formatted
[INFO] : 02-09-2022 23:57:35 - date formatted
[INFO] : 02-09-2022 23:57:35 - new match
[INFO] : 02-09-2022 23:57:35 - date formatted
[INFO] : 02-09-2022 23:57:35 - date formatted
[INFO] : 02-09-2022 23:57:35 - new match
[INFO] : 02-09-2022 23:57:35 - date formatted
[INFO] : 02-09-2022 23:57:35 - date formatted
[INFO] : 02-09-2022 23:57:35 - new match
[INFO] : 02-09-2022 23:57:35 - date formatted
[INFO] : 02-09-2022 23:57:35 - date formatted
[INFO] : 02-09-2022 23:57:35 - new match
[INFO] : 02-09-2022 23:57:35 - date formatted
[INFO] : 02-09-2022 23:57:35 - date formatted
[INFO] : 02-09-2022 23:57:35 - new match
[INFO] : 02-09-2022 23:57:40 - date formatted
[INFO] : 02-09-2022 23:57:40 - date formatted
[INFO] : 02-09-2022 23:57:40 - new match
[INFO] : 02-09-2022 23:57:40 - date formatted
[INFO] : 02-09-2022 23:57:40 - date formatted
[INFO] : 02-09-2022 23:57:40 - new match
[INFO] : 02-09-2022 23:57:40 - date formatted
[INFO] : 02-09-2022 23:57:40 - date formatted
[INFO] : 02-09-2022 23:57:40 - new match
[INFO] : 02-09-2022 23:57:40 - date formatted
[INFO] : 02-09-2022 23:57:40 - date formatted
[INFO] : 02-09-2022 23:57:40 - new match
[INFO] : 02-09-2022 23:57:40 - date formatted
[INFO] : 02-09-2022 23:57:40 - date formatted
[INFO] : 02-09-2022 23:57:40 - new match
[INFO] : 02-09-2022 23:57:40 - date formatted
[INFO] : 02-09-2022 23:57:40 - date formatted
[INFO] : 02-09-2022 23:57:40 - new match
[INFO] : 02-09-2022 23:57:41 - date formatted
[INFO] : 02-09-2022 23:57:41 - date formatted
[INFO] : 02-09-2022 23:57:41 - Day 46: Monday, November 22, 2021
[INFO] : 02-09-2022 23:57:41 - new match
[INFO] : 02-09-2022 23:57:41 - date formatted
[INFO] : 02-09-2022 23:57:41 - date formatted
[INFO] : 02-09-2022 23:57:47 - Day 47: Thursday, November 25, 2021
[INFO] : 02-09-2022 23:57:47 - new match
[INFO] : 02-09-2022 23:57:47 - date formatted
[INFO] : 02-09-2022 23:57:47 - date formatted
[INFO] : 02-09-2022 23:57:47 - new match
[INFO] : 02-09-2022 23:57:48 - date formatted
[INFO] : 02-09-2022 23:57:48 - date formatted
[INFO] : 02-09-2022 23:57:48 - new match
[INFO] : 02-09-2022 23:57:48 - date formatted
[INFO] : 02-09-2022 23:57:48 - date formatted
[INFO] : 02-09-2022 23:57:48 - Day 48: Sunday, November 28, 2021
[INFO] : 02-09-2022 23:57:48 - new match
[INFO] : 02-09-2022 23:57:48 - date formatted
[INFO] : 02-09-2022 23:57:48 - date formatted
[INFO] : 02-09-2022 23:57:48 - new match
[INFO] : 02-09-2022 23:57:48 - date formatted
[INFO] : 02-09-2022 23:57:48 - date formatted
[INFO] : 02-09-2022 23:57:48 - new match
[INFO] : 02-09-2022 23:57:48 - date formatted
[INFO] : 02-09-2022 23:57:49 - date formatted
[INFO] : 02-09-2022 23:57:49 - new match
[INFO] : 02-09-2022 23:57:49 - date formatted
[INFO] : 02-09-2022 23:57:49 - date formatted
[INFO] : 02-09-2022 23:57:49 - new match
[INFO] : 02-09-2022 23:57:51 - date formatted
[INFO] : 02-09-2022 23:57:51 - date formatted
[INFO] : 02-09-2022 23:57:51 - new match
[INFO] : 02-09-2022 23:57:51 - date formatted
[INFO] : 02-09-2022 23:57:51 - date formatted
[INFO] : 02-09-2022 23:57:51 - new match
[INFO] : 02-09-2022 23:57:51 - date formatted
[INFO] : 02-09-2022 23:57:51 - date formatted
[INFO] : 02-09-2022 23:57:51 - new match
[INFO] : 02-09-2022 23:57:51 - date formatted
[INFO] : 02-09-2022 23:57:51 - date formatted
[INFO] : 02-09-2022 23:57:51 - new match
[INFO] : 02-09-2022 23:57:51 - date formatted
[INFO] : 02-09-2022 23:57:51 - date formatted
[INFO] : 02-09-2022 23:57:51 - new match
[INFO] : 02-09-2022 23:57:51 - date formatted
[INFO] : 02-09-2022 23:57:51 - date formatted
[INFO] : 02-09-2022 23:57:51 - new match
[INFO] : 02-09-2022 23:57:51 - date formatted
[INFO] : 02-09-2022 23:57:52 - date formatted
[INFO] : 02-09-2022 23:57:52 - Day 49: Monday, November 29, 2021
[INFO] : 02-09-2022 23:57:52 - new match
[INFO] : 02-09-2022 23:57:52 - date formatted
[INFO] : 02-09-2022 23:57:52 - date formatted
[INFO] : 02-09-2022 23:57:59 - Day 50: Thursday, December 2, 2021
[INFO] : 02-09-2022 23:57:59 - new match
[INFO] : 02-09-2022 23:57:59 - date formatted
[INFO] : 02-09-2022 23:57:59 - date formatted
[INFO] : 02-09-2022 23:57:59 - Day 51: Sunday, December 5, 2021
[INFO] : 02-09-2022 23:57:59 - new match
[INFO] : 02-09-2022 23:57:59 - date formatted
[INFO] : 02-09-2022 23:57:59 - date formatted
[INFO] : 02-09-2022 23:57:59 - new match
[INFO] : 02-09-2022 23:57:59 - date formatted
[INFO] : 02-09-2022 23:58:00 - date formatted
[INFO] : 02-09-2022 23:58:00 - new match
[INFO] : 02-09-2022 23:58:00 - date formatted
[INFO] : 02-09-2022 23:58:00 - date formatted
[INFO] : 02-09-2022 23:58:00 - new match
[INFO] : 02-09-2022 23:58:00 - date formatted
[INFO] : 02-09-2022 23:58:00 - date formatted
[INFO] : 02-09-2022 23:58:00 - new match
[INFO] : 02-09-2022 23:58:00 - date formatted
[INFO] : 02-09-2022 23:58:05 - date formatted
[INFO] : 02-09-2022 23:58:05 - new match
[INFO] : 02-09-2022 23:58:05 - date formatted
[INFO] : 02-09-2022 23:58:05 - date formatted
[INFO] : 02-09-2022 23:58:05 - new match
[INFO] : 02-09-2022 23:58:05 - date formatted
[INFO] : 02-09-2022 23:58:05 - date formatted
[INFO] : 02-09-2022 23:58:05 - new match
[INFO] : 02-09-2022 23:58:05 - date formatted
[INFO] : 02-09-2022 23:58:05 - date formatted
[INFO] : 02-09-2022 23:58:05 - new match
[INFO] : 02-09-2022 23:58:05 - date formatted
[INFO] : 02-09-2022 23:58:05 - date formatted
[INFO] : 02-09-2022 23:58:05 - new match
[INFO] : 02-09-2022 23:58:05 - date formatted
[INFO] : 02-09-2022 23:58:05 - date formatted
[INFO] : 02-09-2022 23:58:05 - new match
[INFO] : 02-09-2022 23:58:05 - date formatted
[INFO] : 02-09-2022 23:58:05 - date formatted
[INFO] : 02-09-2022 23:58:05 - new match
[INFO] : 02-09-2022 23:58:05 - date formatted
[INFO] : 02-09-2022 23:58:06 - date formatted
[INFO] : 02-09-2022 23:58:06 - Day 52: Monday, December 6, 2021
[INFO] : 02-09-2022 23:58:06 - new match
[INFO] : 02-09-2022 23:58:06 - date formatted
[INFO] : 02-09-2022 23:58:06 - date formatted
[INFO] : 02-09-2022 23:58:12 - Day 53: Thursday, December 9, 2021
[INFO] : 02-09-2022 23:58:12 - new match
[INFO] : 02-09-2022 23:58:12 - date formatted
[INFO] : 02-09-2022 23:58:13 - date formatted
[INFO] : 02-09-2022 23:58:13 - Day 54: Sunday, December 12, 2021
[INFO] : 02-09-2022 23:58:13 - new match
[INFO] : 02-09-2022 23:58:13 - date formatted
[INFO] : 02-09-2022 23:58:13 - date formatted
[INFO] : 02-09-2022 23:58:13 - new match
[INFO] : 02-09-2022 23:58:13 - date formatted
[INFO] : 02-09-2022 23:58:13 - date formatted
[INFO] : 02-09-2022 23:58:13 - new match
[INFO] : 02-09-2022 23:58:13 - date formatted
[INFO] : 02-09-2022 23:58:13 - date formatted
[INFO] : 02-09-2022 23:58:13 - new match
[INFO] : 02-09-2022 23:58:13 - date formatted
[INFO] : 02-09-2022 23:58:13 - date formatted
[INFO] : 02-09-2022 23:58:13 - new match
[INFO] : 02-09-2022 23:58:13 - date formatted
[INFO] : 02-09-2022 23:58:14 - date formatted
[INFO] : 02-09-2022 23:58:14 - new match
[INFO] : 02-09-2022 23:58:14 - date formatted
[INFO] : 02-09-2022 23:58:14 - date formatted
[INFO] : 02-09-2022 23:58:14 - new match
[INFO] : 02-09-2022 23:58:15 - date formatted
[INFO] : 02-09-2022 23:58:15 - date formatted
[INFO] : 02-09-2022 23:58:15 - new match
[INFO] : 02-09-2022 23:58:15 - date formatted
[INFO] : 02-09-2022 23:58:15 - date formatted
[INFO] : 02-09-2022 23:58:15 - new match
[INFO] : 02-09-2022 23:58:15 - date formatted
[INFO] : 02-09-2022 23:58:15 - date formatted
[INFO] : 02-09-2022 23:58:15 - new match
[INFO] : 02-09-2022 23:58:15 - date formatted
[INFO] : 02-09-2022 23:58:15 - date formatted
[INFO] : 02-09-2022 23:58:15 - new match
[INFO] : 02-09-2022 23:58:15 - date formatted
[INFO] : 02-09-2022 23:58:15 - date formatted
[INFO] : 02-09-2022 23:58:15 - new match
[INFO] : 02-09-2022 23:58:15 - date formatted
[INFO] : 02-09-2022 23:58:16 - date formatted
[INFO] : 02-09-2022 23:58:16 - Day 55: Monday, December 13, 2021
[INFO] : 02-09-2022 23:58:16 - new match
[INFO] : 02-09-2022 23:58:16 - date formatted
[INFO] : 02-09-2022 23:58:16 - date formatted
[INFO] : 02-09-2022 23:58:23 - Day 56: Thursday, December 16, 2021
[INFO] : 02-09-2022 23:58:23 - new match
[INFO] : 02-09-2022 23:58:23 - date formatted
[INFO] : 02-09-2022 23:58:23 - date formatted
[INFO] : 02-09-2022 23:58:23 - Day 57: Saturday, December 18, 2021
[INFO] : 02-09-2022 23:58:23 - new match
[INFO] : 02-09-2022 23:58:23 - date formatted
[INFO] : 02-09-2022 23:58:23 - date formatted
[INFO] : 02-09-2022 23:58:23 - Day 58: Sunday, December 19, 2021
[INFO] : 02-09-2022 23:58:23 - new match
[INFO] : 02-09-2022 23:58:23 - date formatted
[INFO] : 02-09-2022 23:58:23 - date formatted
[INFO] : 02-09-2022 23:58:23 - new match
[INFO] : 02-09-2022 23:58:23 - date formatted
[INFO] : 02-09-2022 23:58:23 - date formatted
[INFO] : 02-09-2022 23:58:23 - new match
[INFO] : 02-09-2022 23:58:23 - date formatted
[INFO] : 02-09-2022 23:58:24 - date formatted
[INFO] : 02-09-2022 23:58:24 - new match
[INFO] : 02-09-2022 23:58:24 - date formatted
[INFO] : 02-09-2022 23:58:24 - date formatted
[INFO] : 02-09-2022 23:58:24 - new match
[INFO] : 02-09-2022 23:58:24 - date formatted
[INFO] : 02-09-2022 23:58:24 - date formatted
[INFO] : 02-09-2022 23:58:24 - new match
[INFO] : 02-09-2022 23:58:24 - date formatted
[INFO] : 02-09-2022 23:58:24 - date formatted
[INFO] : 02-09-2022 23:58:24 - new match
[INFO] : 02-09-2022 23:58:24 - date formatted
[INFO] : 02-09-2022 23:58:24 - date formatted
[INFO] : 02-09-2022 23:58:24 - new match
[INFO] : 02-09-2022 23:58:24 - date formatted
[INFO] : 02-09-2022 23:58:24 - date formatted
[INFO] : 02-09-2022 23:58:24 - new match
[INFO] : 02-09-2022 23:58:24 - date formatted
[INFO] : 02-09-2022 23:58:24 - date formatted
[INFO] : 02-09-2022 23:58:24 - new match
[INFO] : 02-09-2022 23:58:24 - date formatted
[INFO] : 02-09-2022 23:58:24 - date formatted
[INFO] : 02-09-2022 23:58:24 - Day 59: Monday, December 20, 2021
[INFO] : 02-09-2022 23:58:24 - new match
[INFO] : 02-09-2022 23:58:24 - date formatted
[INFO] : 02-09-2022 23:58:25 - date formatted
[INFO] : 02-09-2022 23:58:25 - new match
[INFO] : 02-09-2022 23:58:25 - date formatted
[INFO] : 02-09-2022 23:58:25 - date formatted
[INFO] : 02-09-2022 23:58:25 - Day 60: Tuesday, December 21, 2021
[INFO] : 02-09-2022 23:58:28 - new match
[INFO] : 02-09-2022 23:58:28 - date formatted
[INFO] : 02-09-2022 23:58:28 - date formatted
[INFO] : 02-09-2022 23:58:28 - new match
[INFO] : 02-09-2022 23:58:28 - date formatted
[INFO] : 02-09-2022 23:58:28 - date formatted
[INFO] : 02-09-2022 23:58:37 - Day 61: Thursday, December 23, 2021
[INFO] : 02-09-2022 23:58:37 - new match
[INFO] : 02-09-2022 23:58:37 - date formatted
[INFO] : 02-09-2022 23:58:37 - date formatted
[INFO] : 02-09-2022 23:58:37 - Day 62: Saturday, December 25, 2021
[INFO] : 02-09-2022 23:58:37 - new match
[INFO] : 02-09-2022 23:58:37 - date formatted
[INFO] : 02-09-2022 23:58:38 - date formatted
[INFO] : 02-09-2022 23:58:38 - new match
[INFO] : 02-09-2022 23:58:39 - date formatted
[INFO] : 02-09-2022 23:58:39 - date formatted
[INFO] : 02-09-2022 23:58:39 - Day 63: Sunday, December 26, 2021
[INFO] : 02-09-2022 23:58:39 - new match
[INFO] : 02-09-2022 23:58:39 - date formatted
[INFO] : 02-09-2022 23:58:39 - date formatted
[INFO] : 02-09-2022 23:58:39 - new match
[INFO] : 02-09-2022 23:58:40 - date formatted
[INFO] : 02-09-2022 23:58:40 - date formatted
[INFO] : 02-09-2022 23:58:40 - new match
[INFO] : 02-09-2022 23:58:40 - date formatted
[INFO] : 02-09-2022 23:58:40 - date formatted
[INFO] : 02-09-2022 23:58:40 - new match
[INFO] : 02-09-2022 23:58:40 - date formatted
[INFO] : 02-09-2022 23:58:40 - date formatted
[INFO] : 02-09-2022 23:58:40 - new match
[INFO] : 02-09-2022 23:58:40 - date formatted
[INFO] : 02-09-2022 23:58:40 - date formatted
[INFO] : 02-09-2022 23:58:40 - new match
[INFO] : 02-09-2022 23:58:40 - date formatted
[INFO] : 02-09-2022 23:58:41 - date formatted
[INFO] : 02-09-2022 23:58:41 - new match
[INFO] : 02-09-2022 23:58:41 - date formatted
[INFO] : 02-09-2022 23:58:41 - date formatted
[INFO] : 02-09-2022 23:58:41 - new match
[INFO] : 02-09-2022 23:58:41 - date formatted
[INFO] : 02-09-2022 23:58:41 - date formatted
[INFO] : 02-09-2022 23:58:41 - new match
[INFO] : 02-09-2022 23:58:41 - date formatted
[INFO] : 02-09-2022 23:58:41 - date formatted
[INFO] : 02-09-2022 23:58:41 - new match
[INFO] : 02-09-2022 23:58:41 - date formatted
[INFO] : 02-09-2022 23:58:41 - date formatted
[INFO] : 02-09-2022 23:58:41 - new match
[INFO] : 02-09-2022 23:58:42 - date formatted
[INFO] : 02-09-2022 23:58:42 - date formatted
[INFO] : 02-09-2022 23:58:42 - new match
[INFO] : 02-09-2022 23:58:42 - date formatted
[INFO] : 02-09-2022 23:58:42 - date formatted
[INFO] : 02-09-2022 23:58:42 - Day 64: Monday, December 27, 2021
[INFO] : 02-09-2022 23:58:42 - new match
[INFO] : 02-09-2022 23:58:42 - date formatted
[INFO] : 02-09-2022 23:58:42 - date formatted
[INFO] : 02-09-2022 23:58:48 - Day 65: Sunday, January 2, 2022
[INFO] : 02-09-2022 23:58:48 - new match
[INFO] : 02-09-2022 23:58:49 - date formatted
[INFO] : 02-09-2022 23:58:49 - date formatted
[INFO] : 02-09-2022 23:58:49 - new match
[INFO] : 02-09-2022 23:58:49 - date formatted
[INFO] : 02-09-2022 23:58:49 - date formatted
[INFO] : 02-09-2022 23:58:49 - new match
[INFO] : 02-09-2022 23:58:49 - date formatted
[INFO] : 02-09-2022 23:58:49 - date formatted
[INFO] : 02-09-2022 23:58:49 - new match
[INFO] : 02-09-2022 23:58:49 - date formatted
[INFO] : 02-09-2022 23:58:49 - date formatted
[INFO] : 02-09-2022 23:58:49 - new match
[INFO] : 02-09-2022 23:58:49 - date formatted
[INFO] : 02-09-2022 23:58:49 - date formatted
[INFO] : 02-09-2022 23:58:49 - new match
[INFO] : 02-09-2022 23:58:49 - date formatted
[INFO] : 02-09-2022 23:58:49 - date formatted
[INFO] : 02-09-2022 23:58:49 - new match
[INFO] : 02-09-2022 23:58:50 - date formatted
[INFO] : 02-09-2022 23:58:50 - date formatted
[INFO] : 02-09-2022 23:58:50 - new match
[INFO] : 02-09-2022 23:58:50 - date formatted
[INFO] : 02-09-2022 23:58:50 - date formatted
[INFO] : 02-09-2022 23:58:50 - new match
[INFO] : 02-09-2022 23:58:51 - date formatted
[INFO] : 02-09-2022 23:58:51 - date formatted
[INFO] : 02-09-2022 23:58:51 - new match
[INFO] : 02-09-2022 23:58:51 - date formatted
[INFO] : 02-09-2022 23:58:52 - date formatted
[INFO] : 02-09-2022 23:58:52 - new match
[INFO] : 02-09-2022 23:58:52 - date formatted
[INFO] : 02-09-2022 23:58:52 - date formatted
[INFO] : 02-09-2022 23:58:52 - new match
[INFO] : 02-09-2022 23:58:52 - date formatted
[INFO] : 02-09-2022 23:58:52 - date formatted
[INFO] : 02-09-2022 23:58:52 - new match
[INFO] : 02-09-2022 23:58:52 - date formatted
[INFO] : 02-09-2022 23:58:52 - date formatted
[INFO] : 02-09-2022 23:58:52 - new match
[INFO] : 02-09-2022 23:58:52 - date formatted
[INFO] : 02-09-2022 23:58:52 - date formatted
[INFO] : 02-09-2022 23:58:52 - new match
[INFO] : 02-09-2022 23:58:52 - date formatted
[INFO] : 02-09-2022 23:58:52 - date formatted
[INFO] : 02-09-2022 23:58:52 - Day 66: Monday, January 3, 2022
[INFO] : 02-09-2022 23:58:52 - new match
[INFO] : 02-09-2022 23:58:52 - date formatted
[INFO] : 02-09-2022 23:58:52 - date formatted
[INFO] : 02-09-2022 23:58:59 - Day 67: Saturday, January 8, 2022
[INFO] : 02-09-2022 23:58:59 - new match
[INFO] : 02-09-2022 23:58:59 - date formatted
[INFO] : 02-09-2022 23:58:59 - date formatted
[INFO] : 02-09-2022 23:58:59 - new match
[INFO] : 02-09-2022 23:58:59 - date formatted
[INFO] : 02-09-2022 23:58:59 - date formatted
[INFO] : 02-09-2022 23:58:59 - Day 68: Sunday, January 9, 2022
[INFO] : 02-09-2022 23:58:59 - new match
[INFO] : 02-09-2022 23:58:59 - date formatted
[INFO] : 02-09-2022 23:58:59 - date formatted
[INFO] : 02-09-2022 23:58:59 - new match
[INFO] : 02-09-2022 23:58:59 - date formatted
[INFO] : 02-09-2022 23:58:59 - date formatted
[INFO] : 02-09-2022 23:58:59 - new match
[INFO] : 02-09-2022 23:58:59 - date formatted
[INFO] : 02-09-2022 23:59:00 - date formatted
[INFO] : 02-09-2022 23:59:00 - new match
[INFO] : 02-09-2022 23:59:00 - date formatted
[INFO] : 02-09-2022 23:59:00 - date formatted
[INFO] : 02-09-2022 23:59:00 - new match
[INFO] : 02-09-2022 23:59:00 - date formatted
[INFO] : 02-09-2022 23:59:02 - date formatted
[INFO] : 02-09-2022 23:59:02 - new match
[INFO] : 02-09-2022 23:59:02 - date formatted
[INFO] : 02-09-2022 23:59:02 - date formatted
[INFO] : 02-09-2022 23:59:02 - new match
[INFO] : 02-09-2022 23:59:02 - date formatted
[INFO] : 02-09-2022 23:59:02 - date formatted
[INFO] : 02-09-2022 23:59:02 - new match
[INFO] : 02-09-2022 23:59:02 - date formatted
[INFO] : 02-09-2022 23:59:02 - date formatted
[INFO] : 02-09-2022 23:59:02 - new match
[INFO] : 02-09-2022 23:59:02 - date formatted
[INFO] : 02-09-2022 23:59:02 - date formatted
[INFO] : 02-09-2022 23:59:02 - new match
[INFO] : 02-09-2022 23:59:02 - date formatted
[INFO] : 02-09-2022 23:59:02 - date formatted
[INFO] : 02-09-2022 23:59:02 - new match
[INFO] : 02-09-2022 23:59:03 - date formatted
[INFO] : 02-09-2022 23:59:03 - date formatted
[INFO] : 02-09-2022 23:59:03 - new match
[INFO] : 02-09-2022 23:59:03 - date formatted
[INFO] : 02-09-2022 23:59:03 - date formatted
[INFO] : 02-09-2022 23:59:03 - new match
[INFO] : 02-09-2022 23:59:03 - date formatted
[INFO] : 02-09-2022 23:59:03 - date formatted
[INFO] : 02-09-2022 23:59:03 - new match
[INFO] : 02-09-2022 23:59:03 - date formatted
[INFO] : 02-09-2022 23:59:03 - date formatted
[INFO] : 02-09-2022 23:59:03 - new season type
[INFO] : 02-09-2022 23:59:09 - Day 69: Saturday, January 15, 2022
[INFO] : 02-09-2022 23:59:09 - new match
[INFO] : 02-09-2022 23:59:10 - date formatted
[INFO] : 02-09-2022 23:59:10 - date formatted
[INFO] : 02-09-2022 23:59:10 - new match
[INFO] : 02-09-2022 23:59:10 - date formatted
[INFO] : 02-09-2022 23:59:10 - date formatted
[INFO] : 02-09-2022 23:59:10 - Day 70: Sunday, January 16, 2022
[INFO] : 02-09-2022 23:59:10 - new match
[INFO] : 02-09-2022 23:59:10 - date formatted
[INFO] : 02-09-2022 23:59:10 - date formatted
[INFO] : 02-09-2022 23:59:10 - new match
[INFO] : 02-09-2022 23:59:10 - date formatted
[INFO] : 02-09-2022 23:59:10 - date formatted
[INFO] : 02-09-2022 23:59:10 - new match
[INFO] : 02-09-2022 23:59:10 - date formatted
[INFO] : 02-09-2022 23:59:10 - date formatted
[INFO] : 02-09-2022 23:59:10 - Day 71: Monday, January 17, 2022
[INFO] : 02-09-2022 23:59:11 - new match
[INFO] : 02-09-2022 23:59:11 - date formatted
[INFO] : 02-09-2022 23:59:11 - date formatted
[INFO] : 02-09-2022 23:59:17 - Day 72: Saturday, January 22, 2022
[INFO] : 02-09-2022 23:59:18 - new match
[INFO] : 02-09-2022 23:59:18 - date formatted
[INFO] : 02-09-2022 23:59:18 - date formatted
[INFO] : 02-09-2022 23:59:18 - new match
[INFO] : 02-09-2022 23:59:19 - date formatted
[INFO] : 02-09-2022 23:59:21 - date formatted
[INFO] : 02-09-2022 23:59:21 - Day 73: Sunday, January 23, 2022
[INFO] : 02-09-2022 23:59:21 - new match
[INFO] : 02-09-2022 23:59:21 - date formatted
[INFO] : 02-09-2022 23:59:21 - date formatted
[INFO] : 02-09-2022 23:59:21 - new match
[INFO] : 02-09-2022 23:59:21 - date formatted
[INFO] : 02-09-2022 23:59:21 - date formatted
[INFO] : 02-09-2022 23:59:28 - Day 74: Sunday, January 30, 2022
[INFO] : 02-09-2022 23:59:29 - new match
[INFO] : 02-09-2022 23:59:29 - date formatted
[INFO] : 02-09-2022 23:59:29 - date formatted
[INFO] : 02-09-2022 23:59:29 - new match
[INFO] : 02-09-2022 23:59:29 - date formatted
[INFO] : 02-09-2022 23:59:29 - date formatted
[INFO] : 02-09-2022 23:59:36 - Day 75: Sunday, February 6, 2022
[INFO] : 02-09-2022 23:59:36 - new match
[INFO] : 02-09-2022 23:59:36 - date formatted
[INFO] : 02-09-2022 23:59:37 - date formatted
[INFO] : 02-09-2022 23:59:43 - Day 76: Sunday, February 13, 2022
[INFO] : 02-09-2022 23:59:43 - new match
[INFO] : 02-09-2022 23:59:50 - date formatted
[INFO] : 02-09-2022 23:59:50 - date formatted
[INFO] : 02-09-2022 23:59:50 - headless: False - 359.29719710350037

[INFO] : 03-09-2022 00:02:27 - new season type
[INFO] : 03-09-2022 00:09:49 - new season type
[INFO] : 03-09-2022 00:10:17 - Day 1: Thursday, September 8, 2022
[INFO] : 03-09-2022 00:10:22 - new match
[INFO] : 03-09-2022 00:10:28 - date formatted
[INFO] : 03-09-2022 00:10:29 - date formatted
[INFO] : 03-09-2022 00:10:29 - Day 2: Sunday, September 11, 2022
[INFO] : 03-09-2022 00:10:29 - new match
[INFO] : 03-09-2022 00:10:29 - date formatted
[INFO] : 03-09-2022 00:10:29 - date formatted
[INFO] : 03-09-2022 00:10:29 - new match
[INFO] : 03-09-2022 00:10:29 - date formatted
[INFO] : 03-09-2022 00:10:30 - date formatted
[INFO] : 03-09-2022 00:10:30 - new match
[INFO] : 03-09-2022 00:10:30 - date formatted
[INFO] : 03-09-2022 00:10:30 - date formatted
[INFO] : 03-09-2022 00:10:30 - new match
[INFO] : 03-09-2022 00:10:30 - date formatted
[INFO] : 03-09-2022 00:10:30 - date formatted
[INFO] : 03-09-2022 00:10:30 - new match
[INFO] : 03-09-2022 00:10:30 - date formatted
[INFO] : 03-09-2022 00:10:30 - date formatted
[INFO] : 03-09-2022 00:10:30 - new match
[INFO] : 03-09-2022 00:10:30 - date formatted
[INFO] : 03-09-2022 00:10:30 - date formatted
[INFO] : 03-09-2022 00:10:30 - new match
[INFO] : 03-09-2022 00:10:30 - date formatted
[INFO] : 03-09-2022 00:10:30 - date formatted
[INFO] : 03-09-2022 00:10:30 - new match
[INFO] : 03-09-2022 00:10:30 - date formatted
[INFO] : 03-09-2022 00:10:30 - date formatted
[INFO] : 03-09-2022 00:10:30 - new match
[INFO] : 03-09-2022 00:10:30 - date formatted
[INFO] : 03-09-2022 00:10:31 - date formatted
[INFO] : 03-09-2022 00:10:31 - new match
[INFO] : 03-09-2022 00:10:31 - date formatted
[INFO] : 03-09-2022 00:10:31 - date formatted
[INFO] : 03-09-2022 00:10:31 - new match
[INFO] : 03-09-2022 00:10:31 - date formatted
[INFO] : 03-09-2022 00:10:31 - date formatted
[INFO] : 03-09-2022 00:10:31 - new match
[INFO] : 03-09-2022 00:10:31 - date formatted
[INFO] : 03-09-2022 00:10:31 - date formatted
[INFO] : 03-09-2022 00:10:31 - new match
[INFO] : 03-09-2022 00:10:31 - date formatted
[INFO] : 03-09-2022 00:10:31 - date formatted
[INFO] : 03-09-2022 00:10:31 - new match
[INFO] : 03-09-2022 00:10:31 - date formatted
[INFO] : 03-09-2022 00:10:31 - date formatted
[INFO] : 03-09-2022 00:10:31 - Day 3: Monday, September 12, 2022
[INFO] : 03-09-2022 00:10:31 - new match
[INFO] : 03-09-2022 00:10:31 - date formatted
[INFO] : 03-09-2022 00:10:31 - date formatted
[INFO] : 03-09-2022 00:10:41 - Day 4: Thursday, September 8, 2022
[INFO] : 03-09-2022 00:10:42 - new match
[INFO] : 03-09-2022 00:10:43 - date formatted
[INFO] : 03-09-2022 00:10:43 - date formatted
[INFO] : 03-09-2022 00:10:43 - Day 5: Sunday, September 11, 2022
[INFO] : 03-09-2022 00:10:43 - new match
[INFO] : 03-09-2022 00:10:43 - date formatted
[INFO] : 03-09-2022 00:10:43 - date formatted
[INFO] : 03-09-2022 00:10:43 - new match
[INFO] : 03-09-2022 00:10:43 - date formatted
[INFO] : 03-09-2022 00:10:43 - date formatted
[INFO] : 03-09-2022 00:10:43 - new match
[INFO] : 03-09-2022 00:10:43 - date formatted
[INFO] : 03-09-2022 00:10:43 - date formatted
[INFO] : 03-09-2022 00:10:43 - new match
[INFO] : 03-09-2022 00:10:44 - date formatted
[INFO] : 03-09-2022 00:10:44 - date formatted
[INFO] : 03-09-2022 00:10:44 - new match
[INFO] : 03-09-2022 00:10:44 - date formatted
[INFO] : 03-09-2022 00:10:44 - date formatted
[INFO] : 03-09-2022 00:10:44 - new match
[INFO] : 03-09-2022 00:10:44 - date formatted
[INFO] : 03-09-2022 00:10:44 - date formatted
[INFO] : 03-09-2022 00:10:44 - new match
[INFO] : 03-09-2022 00:10:44 - date formatted
[INFO] : 03-09-2022 00:10:44 - date formatted
[INFO] : 03-09-2022 00:10:44 - new match
[INFO] : 03-09-2022 00:10:44 - date formatted
[INFO] : 03-09-2022 00:10:44 - date formatted
[INFO] : 03-09-2022 00:10:44 - new match
[INFO] : 03-09-2022 00:10:44 - date formatted
[INFO] : 03-09-2022 00:10:44 - date formatted
[INFO] : 03-09-2022 00:10:44 - new match
[INFO] : 03-09-2022 00:10:46 - date formatted
[INFO] : 03-09-2022 00:10:46 - date formatted
[INFO] : 03-09-2022 00:10:46 - new match
[INFO] : 03-09-2022 00:10:46 - date formatted
[INFO] : 03-09-2022 00:10:46 - date formatted
[INFO] : 03-09-2022 00:10:46 - new match
[INFO] : 03-09-2022 00:10:47 - date formatted
[INFO] : 03-09-2022 00:10:47 - date formatted
[INFO] : 03-09-2022 00:10:47 - new match
[INFO] : 03-09-2022 00:10:47 - date formatted
[INFO] : 03-09-2022 00:10:47 - date formatted
[INFO] : 03-09-2022 00:10:47 - new match
[INFO] : 03-09-2022 00:10:47 - date formatted
[INFO] : 03-09-2022 00:10:47 - date formatted
[INFO] : 03-09-2022 00:10:48 - Day 6: Monday, September 12, 2022
[INFO] : 03-09-2022 00:10:48 - new match
[INFO] : 03-09-2022 00:10:48 - date formatted
[INFO] : 03-09-2022 00:10:48 - date formatted
[INFO] : 03-09-2022 00:10:55 - Day 7: Thursday, September 8, 2022
[INFO] : 03-09-2022 00:10:55 - new match
[INFO] : 03-09-2022 00:10:55 - date formatted
[INFO] : 03-09-2022 00:10:55 - date formatted
[INFO] : 03-09-2022 00:10:55 - Day 8: Sunday, September 11, 2022
[INFO] : 03-09-2022 00:10:55 - new match
[INFO] : 03-09-2022 00:10:56 - date formatted
[INFO] : 03-09-2022 00:10:56 - date formatted
[INFO] : 03-09-2022 00:10:56 - new match
[INFO] : 03-09-2022 00:10:56 - date formatted
[INFO] : 03-09-2022 00:10:56 - date formatted
[INFO] : 03-09-2022 00:10:56 - new match
[INFO] : 03-09-2022 00:10:56 - date formatted
[INFO] : 03-09-2022 00:10:56 - date formatted
[INFO] : 03-09-2022 00:10:56 - new match
[INFO] : 03-09-2022 00:10:56 - date formatted
[INFO] : 03-09-2022 00:10:56 - date formatted
[INFO] : 03-09-2022 00:10:56 - new match
[INFO] : 03-09-2022 00:10:57 - date formatted
[INFO] : 03-09-2022 00:10:57 - date formatted
[INFO] : 03-09-2022 00:10:57 - new match
[INFO] : 03-09-2022 00:10:57 - date formatted
[INFO] : 03-09-2022 00:10:57 - date formatted
[INFO] : 03-09-2022 00:10:57 - new match
[INFO] : 03-09-2022 00:10:57 - date formatted
[INFO] : 03-09-2022 00:10:57 - date formatted
[INFO] : 03-09-2022 00:10:57 - new match
[INFO] : 03-09-2022 00:10:58 - date formatted
[INFO] : 03-09-2022 00:10:58 - date formatted
[INFO] : 03-09-2022 00:10:58 - new match
[INFO] : 03-09-2022 00:10:58 - date formatted
[INFO] : 03-09-2022 00:10:58 - date formatted
[INFO] : 03-09-2022 00:10:58 - new match
[INFO] : 03-09-2022 00:10:59 - date formatted
[INFO] : 03-09-2022 00:10:59 - date formatted
[INFO] : 03-09-2022 00:10:59 - new match
[INFO] : 03-09-2022 00:10:59 - date formatted
[INFO] : 03-09-2022 00:10:59 - date formatted
[INFO] : 03-09-2022 00:10:59 - new match
[INFO] : 03-09-2022 00:10:59 - date formatted
[INFO] : 03-09-2022 00:10:59 - date formatted
[INFO] : 03-09-2022 00:10:59 - new match
[INFO] : 03-09-2022 00:10:59 - date formatted
[INFO] : 03-09-2022 00:10:59 - date formatted
[INFO] : 03-09-2022 00:10:59 - new match
[INFO] : 03-09-2022 00:10:59 - date formatted
[INFO] : 03-09-2022 00:10:59 - date formatted
[INFO] : 03-09-2022 00:10:59 - Day 9: Monday, September 12, 2022
[INFO] : 03-09-2022 00:10:59 - new match
[INFO] : 03-09-2022 00:10:59 - date formatted
[INFO] : 03-09-2022 00:10:59 - date formatted
[INFO] : 03-09-2022 00:11:09 - Day 10: Thursday, September 8, 2022
[INFO] : 03-09-2022 00:11:09 - new match
[INFO] : 03-09-2022 00:11:09 - date formatted
[INFO] : 03-09-2022 00:11:09 - date formatted
[INFO] : 03-09-2022 00:11:09 - Day 11: Sunday, September 11, 2022
[INFO] : 03-09-2022 00:11:09 - new match
[INFO] : 03-09-2022 00:11:09 - date formatted
[INFO] : 03-09-2022 00:11:09 - date formatted
[INFO] : 03-09-2022 00:11:09 - new match
[INFO] : 03-09-2022 00:11:09 - date formatted
[INFO] : 03-09-2022 00:11:09 - date formatted
[INFO] : 03-09-2022 00:11:09 - new match
[INFO] : 03-09-2022 00:11:10 - date formatted
[INFO] : 03-09-2022 00:11:10 - date formatted
[INFO] : 03-09-2022 00:11:10 - new match
[INFO] : 03-09-2022 00:11:10 - date formatted
[INFO] : 03-09-2022 00:11:10 - date formatted
[INFO] : 03-09-2022 00:11:10 - new match
[INFO] : 03-09-2022 00:11:10 - date formatted
[INFO] : 03-09-2022 00:11:10 - date formatted
[INFO] : 03-09-2022 00:11:10 - new match
[INFO] : 03-09-2022 00:11:13 - date formatted
[INFO] : 03-09-2022 00:11:14 - date formatted
[INFO] : 03-09-2022 00:11:14 - new match
[INFO] : 03-09-2022 00:11:14 - date formatted
[INFO] : 03-09-2022 00:11:14 - date formatted
[INFO] : 03-09-2022 00:11:14 - new match
[INFO] : 03-09-2022 00:11:14 - date formatted
[INFO] : 03-09-2022 00:11:14 - date formatted
[INFO] : 03-09-2022 00:11:14 - new match
[INFO] : 03-09-2022 00:11:14 - date formatted
[INFO] : 03-09-2022 00:11:14 - date formatted
[INFO] : 03-09-2022 00:11:14 - new match
[INFO] : 03-09-2022 00:11:14 - date formatted
[INFO] : 03-09-2022 00:11:14 - date formatted
[INFO] : 03-09-2022 00:11:14 - new match
[INFO] : 03-09-2022 00:11:14 - date formatted
[INFO] : 03-09-2022 00:11:14 - date formatted
[INFO] : 03-09-2022 00:11:14 - new match
[INFO] : 03-09-2022 00:11:14 - date formatted
[INFO] : 03-09-2022 00:11:15 - date formatted
[INFO] : 03-09-2022 00:11:15 - new match
[INFO] : 03-09-2022 00:11:15 - date formatted
[INFO] : 03-09-2022 00:11:15 - date formatted
[INFO] : 03-09-2022 00:11:15 - new match
[INFO] : 03-09-2022 00:11:15 - date formatted
[INFO] : 03-09-2022 00:11:15 - date formatted
[INFO] : 03-09-2022 00:11:15 - Day 12: Monday, September 12, 2022
[INFO] : 03-09-2022 00:11:15 - new match
[INFO] : 03-09-2022 00:11:15 - date formatted
[INFO] : 03-09-2022 00:11:15 - date formatted
[INFO] : 03-09-2022 00:11:15 - new season type
[INFO] : 03-09-2022 00:11:23 - Day 13: Thursday, September 8, 2022
[INFO] : 03-09-2022 00:11:23 - new match
[INFO] : 03-09-2022 00:11:23 - date formatted
[INFO] : 03-09-2022 00:11:24 - date formatted
[INFO] : 03-09-2022 00:11:24 - Day 14: Sunday, September 11, 2022
[INFO] : 03-09-2022 00:11:24 - new match
[INFO] : 03-09-2022 00:11:24 - date formatted
[INFO] : 03-09-2022 00:11:24 - date formatted
[INFO] : 03-09-2022 00:11:24 - new match
[INFO] : 03-09-2022 00:11:24 - date formatted
[INFO] : 03-09-2022 00:11:24 - date formatted
[INFO] : 03-09-2022 00:11:24 - new match
[INFO] : 03-09-2022 00:11:29 - date formatted
[INFO] : 03-09-2022 00:11:29 - date formatted
[INFO] : 03-09-2022 00:11:29 - new match
[INFO] : 03-09-2022 00:11:29 - date formatted
[INFO] : 03-09-2022 00:11:29 - date formatted
[INFO] : 03-09-2022 00:11:29 - new match
[INFO] : 03-09-2022 00:11:29 - date formatted
[INFO] : 03-09-2022 00:11:29 - date formatted
[INFO] : 03-09-2022 00:11:29 - new match
[INFO] : 03-09-2022 00:11:29 - date formatted
[INFO] : 03-09-2022 00:11:29 - date formatted
[INFO] : 03-09-2022 00:11:29 - new match
[INFO] : 03-09-2022 00:11:29 - date formatted
[INFO] : 03-09-2022 00:11:30 - date formatted
[INFO] : 03-09-2022 00:11:30 - new match
[INFO] : 03-09-2022 00:11:30 - date formatted
[INFO] : 03-09-2022 00:11:30 - date formatted
[INFO] : 03-09-2022 00:11:30 - new match
[INFO] : 03-09-2022 00:11:30 - date formatted
[INFO] : 03-09-2022 00:11:30 - date formatted
[INFO] : 03-09-2022 00:11:30 - new match
[INFO] : 03-09-2022 00:11:30 - date formatted
[INFO] : 03-09-2022 00:11:30 - date formatted
[INFO] : 03-09-2022 00:11:30 - new match
[INFO] : 03-09-2022 00:11:30 - date formatted
[INFO] : 03-09-2022 00:11:30 - date formatted
[INFO] : 03-09-2022 00:11:30 - new match
[INFO] : 03-09-2022 00:11:30 - date formatted
[INFO] : 03-09-2022 00:11:30 - date formatted
[INFO] : 03-09-2022 00:11:30 - new match
[INFO] : 03-09-2022 00:11:30 - date formatted
[INFO] : 03-09-2022 00:11:30 - date formatted
[INFO] : 03-09-2022 00:11:30 - new match
[INFO] : 03-09-2022 00:11:31 - date formatted
[INFO] : 03-09-2022 00:11:31 - date formatted
[INFO] : 03-09-2022 00:11:31 - Day 15: Monday, September 12, 2022
[INFO] : 03-09-2022 00:11:31 - new match
[INFO] : 03-09-2022 00:11:31 - date formatted
[INFO] : 03-09-2022 00:11:31 - date formatted
[INFO] : 03-09-2022 00:12:22 - new season type
[INFO] : 03-09-2022 00:12:49 - Day 1: Thursday, September 8, 2022
[INFO] : 03-09-2022 00:12:56 - new match
[INFO] : 03-09-2022 00:13:18 - new season type
[INFO] : 03-09-2022 00:14:09 - new season type
[INFO] : 03-09-2022 00:14:35 - new season type
[INFO] : 03-09-2022 00:15:02 - Day 1: Thursday, September 8, 2022
[INFO] : 03-09-2022 00:17:50 - new season type
[INFO] : 03-09-2022 00:18:18 - Day 1: Thursday, August 5, 2021
[INFO] : 03-09-2022 00:18:25 - new match
[INFO] : 03-09-2022 00:18:25 - date formatted
[INFO] : 03-09-2022 00:18:25 - date formatted
[INFO] : 03-09-2022 00:18:38 - Day 2: Thursday, August 12, 2021
[INFO] : 03-09-2022 00:18:39 - new match
[INFO] : 03-09-2022 00:18:40 - date formatted
[INFO] : 03-09-2022 00:18:40 - date formatted
[INFO] : 03-09-2022 00:18:40 - new match
[INFO] : 03-09-2022 00:18:40 - date formatted
[INFO] : 03-09-2022 00:18:40 - date formatted
[INFO] : 03-09-2022 00:18:40 - Day 3: Friday, August 13, 2021
[INFO] : 03-09-2022 00:18:40 - new match
[INFO] : 03-09-2022 00:18:40 - date formatted
[INFO] : 03-09-2022 00:18:40 - date formatted
[INFO] : 03-09-2022 00:18:40 - new match
[INFO] : 03-09-2022 00:18:40 - date formatted
[INFO] : 03-09-2022 00:18:40 - date formatted
[INFO] : 03-09-2022 00:18:40 - new match
[INFO] : 03-09-2022 00:18:40 - date formatted
[INFO] : 03-09-2022 00:18:40 - date formatted
[INFO] : 03-09-2022 00:18:40 - Day 4: Saturday, August 14, 2021
[INFO] : 03-09-2022 00:18:40 - new match
[INFO] : 03-09-2022 00:18:40 - date formatted
[INFO] : 03-09-2022 00:18:40 - date formatted
[INFO] : 03-09-2022 00:18:40 - new match
[INFO] : 03-09-2022 00:18:40 - date formatted
[INFO] : 03-09-2022 00:18:40 - date formatted
[INFO] : 03-09-2022 00:18:40 - new match
[INFO] : 03-09-2022 00:18:41 - date formatted
[INFO] : 03-09-2022 00:18:41 - date formatted
[INFO] : 03-09-2022 00:18:41 - new match
[INFO] : 03-09-2022 00:18:43 - date formatted
[INFO] : 03-09-2022 00:18:43 - date formatted
[INFO] : 03-09-2022 00:18:43 - new match
[INFO] : 03-09-2022 00:18:43 - date formatted
[INFO] : 03-09-2022 00:18:43 - date formatted
[INFO] : 03-09-2022 00:18:43 - new match
[INFO] : 03-09-2022 00:18:43 - date formatted
[INFO] : 03-09-2022 00:18:43 - date formatted
[INFO] : 03-09-2022 00:18:43 - new match
[INFO] : 03-09-2022 00:18:44 - date formatted
[INFO] : 03-09-2022 00:18:44 - date formatted
[INFO] : 03-09-2022 00:18:44 - new match
[INFO] : 03-09-2022 00:18:44 - date formatted
[INFO] : 03-09-2022 00:18:44 - date formatted
[INFO] : 03-09-2022 00:18:44 - new match
[INFO] : 03-09-2022 00:18:44 - date formatted
[INFO] : 03-09-2022 00:18:44 - date formatted
[INFO] : 03-09-2022 00:18:44 - new match
[INFO] : 03-09-2022 00:18:44 - date formatted
[INFO] : 03-09-2022 00:18:44 - date formatted
[INFO] : 03-09-2022 00:18:45 - Day 5: Sunday, August 15, 2021
[INFO] : 03-09-2022 00:18:45 - new match
[INFO] : 03-09-2022 00:18:45 - date formatted
[INFO] : 03-09-2022 00:18:45 - date formatted
[INFO] : 03-09-2022 00:18:52 - Day 6: Thursday, August 19, 2021
[INFO] : 03-09-2022 00:18:52 - new match
[INFO] : 03-09-2022 00:18:52 - date formatted
[INFO] : 03-09-2022 00:18:53 - date formatted
[INFO] : 03-09-2022 00:18:53 - Day 7: Friday, August 20, 2021
[INFO] : 03-09-2022 00:18:53 - new match
[INFO] : 03-09-2022 00:18:53 - date formatted
[INFO] : 03-09-2022 00:18:53 - date formatted
[INFO] : 03-09-2022 00:18:53 - new match
[INFO] : 03-09-2022 00:18:53 - date formatted
[INFO] : 03-09-2022 00:18:53 - date formatted
[INFO] : 03-09-2022 00:18:53 - Day 8: Saturday, August 21, 2021
[INFO] : 03-09-2022 00:18:53 - new match
[INFO] : 03-09-2022 00:18:53 - date formatted
[INFO] : 03-09-2022 00:18:53 - date formatted
[INFO] : 03-09-2022 00:18:53 - new match
[INFO] : 03-09-2022 00:18:53 - date formatted
[INFO] : 03-09-2022 00:18:53 - date formatted
[INFO] : 03-09-2022 00:18:53 - new match
[INFO] : 03-09-2022 00:18:57 - date formatted
[INFO] : 03-09-2022 00:18:57 - date formatted
[INFO] : 03-09-2022 00:18:57 - new match
[INFO] : 03-09-2022 00:18:57 - date formatted
[INFO] : 03-09-2022 00:18:57 - date formatted
[INFO] : 03-09-2022 00:18:57 - new match
[INFO] : 03-09-2022 00:18:57 - date formatted
[INFO] : 03-09-2022 00:18:57 - date formatted
[INFO] : 03-09-2022 00:18:57 - new match
[INFO] : 03-09-2022 00:18:58 - date formatted
[INFO] : 03-09-2022 00:18:58 - date formatted
[INFO] : 03-09-2022 00:18:58 - new match
[INFO] : 03-09-2022 00:18:58 - date formatted
[INFO] : 03-09-2022 00:18:58 - date formatted
[INFO] : 03-09-2022 00:18:58 - new match
[INFO] : 03-09-2022 00:18:58 - date formatted
[INFO] : 03-09-2022 00:18:58 - date formatted
[INFO] : 03-09-2022 00:18:58 - new match
[INFO] : 03-09-2022 00:18:58 - date formatted
[INFO] : 03-09-2022 00:18:58 - date formatted
[INFO] : 03-09-2022 00:18:58 - new match
[INFO] : 03-09-2022 00:18:58 - date formatted
[INFO] : 03-09-2022 00:18:59 - date formatted
[INFO] : 03-09-2022 00:18:59 - Day 9: Sunday, August 22, 2021
[INFO] : 03-09-2022 00:18:59 - new match
[INFO] : 03-09-2022 00:18:59 - date formatted
[INFO] : 03-09-2022 00:18:59 - date formatted
[INFO] : 03-09-2022 00:18:59 - new match
[INFO] : 03-09-2022 00:18:59 - date formatted
[INFO] : 03-09-2022 00:18:59 - date formatted
[INFO] : 03-09-2022 00:18:59 - Day 10: Monday, August 23, 2021
[INFO] : 03-09-2022 00:18:59 - new match
[INFO] : 03-09-2022 00:18:59 - date formatted
[INFO] : 03-09-2022 00:18:59 - date formatted
[INFO] : 03-09-2022 00:19:05 - Day 11: Friday, August 27, 2021
[INFO] : 03-09-2022 00:19:06 - new match
[INFO] : 03-09-2022 00:19:06 - date formatted
[INFO] : 03-09-2022 00:19:07 - date formatted
[INFO] : 03-09-2022 00:19:07 - new match
[INFO] : 03-09-2022 00:19:07 - date formatted
[INFO] : 03-09-2022 00:19:07 - date formatted
[INFO] : 03-09-2022 00:19:07 - new match
[INFO] : 03-09-2022 00:19:07 - date formatted
[INFO] : 03-09-2022 00:19:07 - date formatted
[INFO] : 03-09-2022 00:19:07 - new match
[INFO] : 03-09-2022 00:19:07 - date formatted
[INFO] : 03-09-2022 00:19:08 - date formatted
[INFO] : 03-09-2022 00:19:08 - Day 12: Saturday, August 28, 2021
[INFO] : 03-09-2022 00:19:08 - new match
[INFO] : 03-09-2022 00:19:08 - date formatted
[INFO] : 03-09-2022 00:19:08 - date formatted
[INFO] : 03-09-2022 00:19:08 - new match
[INFO] : 03-09-2022 00:19:08 - date formatted
[INFO] : 03-09-2022 00:19:08 - date formatted
[INFO] : 03-09-2022 00:19:08 - new match
[INFO] : 03-09-2022 00:19:08 - date formatted
[INFO] : 03-09-2022 00:19:10 - date formatted
[INFO] : 03-09-2022 00:19:10 - new match
[INFO] : 03-09-2022 00:19:10 - date formatted
[INFO] : 03-09-2022 00:19:10 - date formatted
[INFO] : 03-09-2022 00:19:10 - new match
[INFO] : 03-09-2022 00:19:10 - date formatted
[INFO] : 03-09-2022 00:19:10 - date formatted
[INFO] : 03-09-2022 00:19:10 - new match
[INFO] : 03-09-2022 00:19:10 - date formatted
[INFO] : 03-09-2022 00:19:10 - date formatted
[INFO] : 03-09-2022 00:19:10 - new match
[INFO] : 03-09-2022 00:19:10 - date formatted
[INFO] : 03-09-2022 00:19:10 - date formatted
[INFO] : 03-09-2022 00:19:10 - Day 13: Sunday, August 29, 2021
[INFO] : 03-09-2022 00:19:10 - new match
[INFO] : 03-09-2022 00:19:10 - date formatted
[INFO] : 03-09-2022 00:19:11 - date formatted
[INFO] : 03-09-2022 00:19:11 - new match
[INFO] : 03-09-2022 00:19:11 - date formatted
[INFO] : 03-09-2022 00:19:11 - date formatted
[INFO] : 03-09-2022 00:19:11 - new match
[INFO] : 03-09-2022 00:19:11 - date formatted
[INFO] : 03-09-2022 00:19:11 - date formatted
[INFO] : 03-09-2022 00:19:11 - new match
[INFO] : 03-09-2022 00:19:11 - date formatted
[INFO] : 03-09-2022 00:19:11 - date formatted
[INFO] : 03-09-2022 00:19:11 - new match
[INFO] : 03-09-2022 00:19:11 - date formatted
[INFO] : 03-09-2022 00:19:12 - date formatted
[INFO] : 03-09-2022 00:19:12 - new season type
[INFO] : 03-09-2022 00:19:17 - Day 14: Thursday, September 9, 2021
[INFO] : 03-09-2022 00:19:18 - new match
[INFO] : 03-09-2022 00:19:19 - date formatted
[INFO] : 03-09-2022 00:19:19 - date formatted
[INFO] : 03-09-2022 00:19:19 - Day 15: Sunday, September 12, 2021
[INFO] : 03-09-2022 00:19:19 - new match
[INFO] : 03-09-2022 00:19:19 - date formatted
[INFO] : 03-09-2022 00:19:19 - date formatted
[INFO] : 03-09-2022 00:19:19 - new match
[INFO] : 03-09-2022 00:19:19 - date formatted
[INFO] : 03-09-2022 00:19:19 - date formatted
[INFO] : 03-09-2022 00:19:19 - new match
[INFO] : 03-09-2022 00:19:20 - date formatted
[INFO] : 03-09-2022 00:19:20 - date formatted
[INFO] : 03-09-2022 00:19:20 - new match
[INFO] : 03-09-2022 00:19:20 - date formatted
[INFO] : 03-09-2022 00:19:20 - date formatted
[INFO] : 03-09-2022 00:19:20 - new match
[INFO] : 03-09-2022 00:19:20 - date formatted
[INFO] : 03-09-2022 00:19:20 - date formatted
[INFO] : 03-09-2022 00:19:20 - new match
[INFO] : 03-09-2022 00:19:20 - date formatted
[INFO] : 03-09-2022 00:19:21 - date formatted
[INFO] : 03-09-2022 00:19:21 - new match
[INFO] : 03-09-2022 00:19:21 - date formatted
[INFO] : 03-09-2022 00:19:21 - date formatted
[INFO] : 03-09-2022 00:19:21 - new match
[INFO] : 03-09-2022 00:19:21 - date formatted
[INFO] : 03-09-2022 00:19:21 - date formatted
[INFO] : 03-09-2022 00:19:21 - new match
[INFO] : 03-09-2022 00:19:21 - date formatted
[INFO] : 03-09-2022 00:19:22 - date formatted
[INFO] : 03-09-2022 00:19:22 - new match
[INFO] : 03-09-2022 00:19:22 - date formatted
[INFO] : 03-09-2022 00:19:22 - date formatted
[INFO] : 03-09-2022 00:19:22 - new match
[INFO] : 03-09-2022 00:19:22 - date formatted
[INFO] : 03-09-2022 00:19:22 - date formatted
[INFO] : 03-09-2022 00:19:22 - new match
[INFO] : 03-09-2022 00:19:22 - date formatted
[INFO] : 03-09-2022 00:19:22 - date formatted
[INFO] : 03-09-2022 00:19:22 - new match
[INFO] : 03-09-2022 00:19:22 - date formatted
[INFO] : 03-09-2022 00:19:22 - date formatted
[INFO] : 03-09-2022 00:19:22 - new match
[INFO] : 03-09-2022 00:19:23 - date formatted
[INFO] : 03-09-2022 00:19:23 - date formatted
[INFO] : 03-09-2022 00:19:23 - Day 16: Monday, September 13, 2021
[INFO] : 03-09-2022 00:19:23 - new match
[INFO] : 03-09-2022 00:19:23 - date formatted
[INFO] : 03-09-2022 00:19:23 - date formatted
[INFO] : 03-09-2022 00:19:28 - Day 17: Thursday, September 16, 2021
[INFO] : 03-09-2022 00:19:29 - new match
[INFO] : 03-09-2022 00:19:30 - date formatted
[INFO] : 03-09-2022 00:19:30 - date formatted
[INFO] : 03-09-2022 00:19:30 - Day 18: Sunday, September 19, 2021
[INFO] : 03-09-2022 00:19:30 - new match
[INFO] : 03-09-2022 00:19:30 - date formatted
[INFO] : 03-09-2022 00:19:30 - date formatted
[INFO] : 03-09-2022 00:19:30 - new match
[INFO] : 03-09-2022 00:19:30 - date formatted
[INFO] : 03-09-2022 00:19:30 - date formatted
[INFO] : 03-09-2022 00:19:30 - new match
[INFO] : 03-09-2022 00:19:30 - date formatted
[INFO] : 03-09-2022 00:19:31 - date formatted
[INFO] : 03-09-2022 00:19:31 - new match
[INFO] : 03-09-2022 00:19:31 - date formatted
[INFO] : 03-09-2022 00:19:31 - date formatted
[INFO] : 03-09-2022 00:19:31 - new match
[INFO] : 03-09-2022 00:19:31 - date formatted
[INFO] : 03-09-2022 00:19:31 - date formatted
[INFO] : 03-09-2022 00:19:31 - new match
[INFO] : 03-09-2022 00:19:33 - date formatted
[INFO] : 03-09-2022 00:19:33 - date formatted
[INFO] : 03-09-2022 00:19:33 - new match
[INFO] : 03-09-2022 00:19:33 - date formatted
[INFO] : 03-09-2022 00:19:33 - date formatted
[INFO] : 03-09-2022 00:19:33 - new match
[INFO] : 03-09-2022 00:19:33 - date formatted
[INFO] : 03-09-2022 00:19:33 - date formatted
[INFO] : 03-09-2022 00:19:33 - new match
[INFO] : 03-09-2022 00:19:33 - date formatted
[INFO] : 03-09-2022 00:19:33 - date formatted
[INFO] : 03-09-2022 00:19:33 - new match
[INFO] : 03-09-2022 00:19:33 - date formatted
[INFO] : 03-09-2022 00:19:33 - date formatted
[INFO] : 03-09-2022 00:19:33 - new match
[INFO] : 03-09-2022 00:19:33 - date formatted
[INFO] : 03-09-2022 00:19:34 - date formatted
[INFO] : 03-09-2022 00:19:34 - new match
[INFO] : 03-09-2022 00:19:34 - date formatted
[INFO] : 03-09-2022 00:19:34 - date formatted
[INFO] : 03-09-2022 00:19:34 - new match
[INFO] : 03-09-2022 00:19:34 - date formatted
[INFO] : 03-09-2022 00:19:34 - date formatted
[INFO] : 03-09-2022 00:19:34 - new match
[INFO] : 03-09-2022 00:19:34 - date formatted
[INFO] : 03-09-2022 00:19:34 - date formatted
[INFO] : 03-09-2022 00:19:34 - Day 19: Monday, September 20, 2021
[INFO] : 03-09-2022 00:19:34 - new match
[INFO] : 03-09-2022 00:19:34 - date formatted
[INFO] : 03-09-2022 00:19:34 - date formatted
[INFO] : 03-09-2022 00:19:39 - Day 20: Thursday, September 23, 2021
[INFO] : 03-09-2022 00:19:39 - new match
[INFO] : 03-09-2022 00:19:41 - date formatted
[INFO] : 03-09-2022 00:19:41 - date formatted
[INFO] : 03-09-2022 00:19:41 - Day 21: Sunday, September 26, 2021
[INFO] : 03-09-2022 00:19:41 - new match
[INFO] : 03-09-2022 00:19:41 - date formatted
[INFO] : 03-09-2022 00:19:41 - date formatted
[INFO] : 03-09-2022 00:19:41 - new match
[INFO] : 03-09-2022 00:19:41 - date formatted
[INFO] : 03-09-2022 00:19:41 - date formatted
[INFO] : 03-09-2022 00:19:41 - new match
[INFO] : 03-09-2022 00:19:41 - date formatted
[INFO] : 03-09-2022 00:19:42 - date formatted
[INFO] : 03-09-2022 00:19:42 - new match
[INFO] : 03-09-2022 00:19:42 - date formatted
[INFO] : 03-09-2022 00:19:42 - date formatted
[INFO] : 03-09-2022 00:19:42 - new match
[INFO] : 03-09-2022 00:19:42 - date formatted
[INFO] : 03-09-2022 00:19:42 - date formatted
[INFO] : 03-09-2022 00:19:42 - new match
[INFO] : 03-09-2022 00:19:42 - date formatted
[INFO] : 03-09-2022 00:19:42 - date formatted
[INFO] : 03-09-2022 00:19:42 - new match
[INFO] : 03-09-2022 00:19:42 - date formatted
[INFO] : 03-09-2022 00:19:42 - date formatted
[INFO] : 03-09-2022 00:19:42 - new match
[INFO] : 03-09-2022 00:19:42 - date formatted
[INFO] : 03-09-2022 00:19:44 - date formatted
[INFO] : 03-09-2022 00:19:44 - new match
[INFO] : 03-09-2022 00:19:44 - date formatted
[INFO] : 03-09-2022 00:19:44 - date formatted
[INFO] : 03-09-2022 00:19:44 - new match
[INFO] : 03-09-2022 00:19:44 - date formatted
[INFO] : 03-09-2022 00:19:45 - date formatted
[INFO] : 03-09-2022 00:19:45 - new match
[INFO] : 03-09-2022 00:19:45 - date formatted
[INFO] : 03-09-2022 00:19:45 - date formatted
[INFO] : 03-09-2022 00:19:45 - new match
[INFO] : 03-09-2022 00:19:45 - date formatted
[INFO] : 03-09-2022 00:19:45 - date formatted
[INFO] : 03-09-2022 00:19:45 - new match
[INFO] : 03-09-2022 00:19:45 - date formatted
[INFO] : 03-09-2022 00:19:45 - date formatted
[INFO] : 03-09-2022 00:19:45 - new match
[INFO] : 03-09-2022 00:19:45 - date formatted
[INFO] : 03-09-2022 00:19:46 - date formatted
[INFO] : 03-09-2022 00:19:46 - Day 22: Monday, September 27, 2021
[INFO] : 03-09-2022 00:19:46 - new match
[INFO] : 03-09-2022 00:19:46 - date formatted
[INFO] : 03-09-2022 00:19:46 - date formatted
[INFO] : 03-09-2022 00:19:52 - Day 23: Thursday, September 30, 2021
[INFO] : 03-09-2022 00:19:52 - new match
[INFO] : 03-09-2022 00:19:52 - date formatted
[INFO] : 03-09-2022 00:19:52 - date formatted
[INFO] : 03-09-2022 00:19:52 - Day 24: Sunday, October 3, 2021
[INFO] : 03-09-2022 00:19:52 - new match
[INFO] : 03-09-2022 00:19:52 - date formatted
[INFO] : 03-09-2022 00:19:52 - date formatted
[INFO] : 03-09-2022 00:19:52 - new match
[INFO] : 03-09-2022 00:19:53 - date formatted
[INFO] : 03-09-2022 00:19:53 - date formatted
[INFO] : 03-09-2022 00:19:53 - new match
[INFO] : 03-09-2022 00:19:53 - date formatted
[INFO] : 03-09-2022 00:19:53 - date formatted
[INFO] : 03-09-2022 00:19:53 - new match
[INFO] : 03-09-2022 00:19:53 - date formatted
[INFO] : 03-09-2022 00:19:53 - date formatted
[INFO] : 03-09-2022 00:19:53 - new match
[INFO] : 03-09-2022 00:19:53 - date formatted
[INFO] : 03-09-2022 00:19:53 - date formatted
[INFO] : 03-09-2022 00:19:53 - new match
[INFO] : 03-09-2022 00:19:53 - date formatted
[INFO] : 03-09-2022 00:19:53 - date formatted
[INFO] : 03-09-2022 00:19:53 - new match
[INFO] : 03-09-2022 00:19:55 - date formatted
[INFO] : 03-09-2022 00:19:55 - date formatted
[INFO] : 03-09-2022 00:19:55 - new match
[INFO] : 03-09-2022 00:19:55 - date formatted
[INFO] : 03-09-2022 00:19:55 - date formatted
[INFO] : 03-09-2022 00:19:55 - new match
[INFO] : 03-09-2022 00:19:55 - date formatted
[INFO] : 03-09-2022 00:19:55 - date formatted
[INFO] : 03-09-2022 00:19:55 - new match
[INFO] : 03-09-2022 00:19:56 - date formatted
[INFO] : 03-09-2022 00:19:56 - date formatted
[INFO] : 03-09-2022 00:19:56 - new match
[INFO] : 03-09-2022 00:19:56 - date formatted
[INFO] : 03-09-2022 00:19:56 - date formatted
[INFO] : 03-09-2022 00:19:56 - new match
[INFO] : 03-09-2022 00:19:56 - date formatted
[INFO] : 03-09-2022 00:19:56 - date formatted
[INFO] : 03-09-2022 00:19:56 - new match
[INFO] : 03-09-2022 00:19:56 - date formatted
[INFO] : 03-09-2022 00:19:56 - date formatted
[INFO] : 03-09-2022 00:19:56 - new match
[INFO] : 03-09-2022 00:19:56 - date formatted
[INFO] : 03-09-2022 00:19:56 - date formatted
[INFO] : 03-09-2022 00:19:56 - Day 25: Monday, October 4, 2021
[INFO] : 03-09-2022 00:19:56 - new match
[INFO] : 03-09-2022 00:19:56 - date formatted
[INFO] : 03-09-2022 00:19:56 - date formatted
[INFO] : 03-09-2022 00:33:15 - new season type
[INFO] : 03-09-2022 00:33:58 - Day 1: Thursday, September 16, 2021
[INFO] : 03-09-2022 00:34:04 - new match
[INFO] : 03-09-2022 00:34:08 - date formatted
[INFO] : 03-09-2022 00:34:08 - date formatted
[INFO] : 03-09-2022 00:34:08 - Day 2: Sunday, September 19, 2021
[INFO] : 03-09-2022 00:34:09 - new match
[INFO] : 03-09-2022 00:34:09 - date formatted
[INFO] : 03-09-2022 00:34:09 - date formatted
[INFO] : 03-09-2022 00:34:09 - new match
[INFO] : 03-09-2022 00:34:09 - date formatted
[INFO] : 03-09-2022 00:34:09 - date formatted
[INFO] : 03-09-2022 00:34:09 - new match
[INFO] : 03-09-2022 00:34:09 - date formatted
[INFO] : 03-09-2022 00:34:09 - date formatted
[INFO] : 03-09-2022 00:34:09 - new match
[INFO] : 03-09-2022 00:34:09 - date formatted
[INFO] : 03-09-2022 00:34:09 - date formatted
[INFO] : 03-09-2022 00:34:09 - new match
[INFO] : 03-09-2022 00:34:09 - date formatted
[INFO] : 03-09-2022 00:34:10 - date formatted
[INFO] : 03-09-2022 00:34:10 - new match
[INFO] : 03-09-2022 00:34:10 - date formatted
[INFO] : 03-09-2022 00:34:10 - date formatted
[INFO] : 03-09-2022 00:34:10 - new match
[INFO] : 03-09-2022 00:34:10 - date formatted
[INFO] : 03-09-2022 00:34:10 - date formatted
[INFO] : 03-09-2022 00:34:10 - new match
[INFO] : 03-09-2022 00:34:10 - date formatted
[INFO] : 03-09-2022 00:34:10 - date formatted
[INFO] : 03-09-2022 00:34:10 - new match
[INFO] : 03-09-2022 00:34:10 - date formatted
[INFO] : 03-09-2022 00:34:10 - date formatted
[INFO] : 03-09-2022 00:34:10 - new match
[INFO] : 03-09-2022 00:34:10 - date formatted
[INFO] : 03-09-2022 00:34:10 - date formatted
[INFO] : 03-09-2022 00:34:10 - new match
[INFO] : 03-09-2022 00:34:10 - date formatted
[INFO] : 03-09-2022 00:34:10 - date formatted
[INFO] : 03-09-2022 00:34:10 - new match
[INFO] : 03-09-2022 00:34:10 - date formatted
[INFO] : 03-09-2022 00:34:10 - date formatted
[INFO] : 03-09-2022 00:34:10 - new match
[INFO] : 03-09-2022 00:34:10 - date formatted
[INFO] : 03-09-2022 00:34:10 - date formatted
[INFO] : 03-09-2022 00:34:10 - new match
[INFO] : 03-09-2022 00:34:11 - date formatted
[INFO] : 03-09-2022 00:34:11 - date formatted
[INFO] : 03-09-2022 00:34:11 - Day 3: Monday, September 20, 2021
[INFO] : 03-09-2022 00:34:11 - new match
[INFO] : 03-09-2022 00:34:11 - date formatted
[INFO] : 03-09-2022 00:34:11 - date formatted
[INFO] : 03-09-2022 00:34:11 - new season type
[INFO] : 03-09-2022 00:34:22 - Day 4: Thursday, August 5, 2021
[INFO] : 03-09-2022 00:34:23 - new match
[INFO] : 03-09-2022 00:34:23 - date formatted
[INFO] : 03-09-2022 00:34:23 - date formatted
[INFO] : 03-09-2022 00:34:31 - Day 5: Thursday, August 12, 2021
[INFO] : 03-09-2022 00:34:31 - new match
[INFO] : 03-09-2022 00:34:31 - date formatted
[INFO] : 03-09-2022 00:34:32 - date formatted
[INFO] : 03-09-2022 00:34:32 - new match
[INFO] : 03-09-2022 00:34:32 - date formatted
[INFO] : 03-09-2022 00:34:32 - date formatted
[INFO] : 03-09-2022 00:34:32 - Day 6: Friday, August 13, 2021
[INFO] : 03-09-2022 00:34:32 - new match
[INFO] : 03-09-2022 00:34:32 - date formatted
[INFO] : 03-09-2022 00:34:32 - date formatted
[INFO] : 03-09-2022 00:34:32 - new match
[INFO] : 03-09-2022 00:34:32 - date formatted
[INFO] : 03-09-2022 00:34:32 - date formatted
[INFO] : 03-09-2022 00:34:32 - new match
[INFO] : 03-09-2022 00:34:32 - date formatted
[INFO] : 03-09-2022 00:34:32 - date formatted
[INFO] : 03-09-2022 00:34:32 - Day 7: Saturday, August 14, 2021
[INFO] : 03-09-2022 00:34:32 - new match
[INFO] : 03-09-2022 00:34:32 - date formatted
[INFO] : 03-09-2022 00:34:32 - date formatted
[INFO] : 03-09-2022 00:34:32 - new match
[INFO] : 03-09-2022 00:34:32 - date formatted
[INFO] : 03-09-2022 00:34:32 - date formatted
[INFO] : 03-09-2022 00:34:32 - new match
[INFO] : 03-09-2022 00:34:33 - date formatted
[INFO] : 03-09-2022 00:34:34 - date formatted
[INFO] : 03-09-2022 00:34:34 - new match
[INFO] : 03-09-2022 00:34:34 - date formatted
[INFO] : 03-09-2022 00:34:34 - date formatted
[INFO] : 03-09-2022 00:34:34 - new match
[INFO] : 03-09-2022 00:34:35 - date formatted
[INFO] : 03-09-2022 00:34:35 - date formatted
[INFO] : 03-09-2022 00:34:35 - new match
[INFO] : 03-09-2022 00:34:35 - date formatted
[INFO] : 03-09-2022 00:34:35 - date formatted
[INFO] : 03-09-2022 00:34:35 - new match
[INFO] : 03-09-2022 00:34:35 - date formatted
[INFO] : 03-09-2022 00:34:35 - date formatted
[INFO] : 03-09-2022 00:34:35 - new match
[INFO] : 03-09-2022 00:34:35 - date formatted
[INFO] : 03-09-2022 00:34:35 - date formatted
[INFO] : 03-09-2022 00:34:35 - new match
[INFO] : 03-09-2022 00:34:35 - date formatted
[INFO] : 03-09-2022 00:34:35 - date formatted
[INFO] : 03-09-2022 00:34:35 - new match
[INFO] : 03-09-2022 00:34:35 - date formatted
[INFO] : 03-09-2022 00:34:35 - date formatted
[INFO] : 03-09-2022 00:34:35 - Day 8: Sunday, August 15, 2021
[INFO] : 03-09-2022 00:34:35 - new match
[INFO] : 03-09-2022 00:34:36 - date formatted
[INFO] : 03-09-2022 00:34:36 - date formatted
[INFO] : 03-09-2022 00:35:46 - Day 1: Thursday, September 16, 2021
[INFO] : 03-09-2022 00:35:54 - new match
[INFO] : 03-09-2022 00:35:57 - date formatted
[INFO] : 03-09-2022 00:35:57 - date formatted
[INFO] : 03-09-2022 00:35:57 - Day 2: Sunday, September 19, 2021
[INFO] : 03-09-2022 00:35:57 - new match
[INFO] : 03-09-2022 00:35:57 - date formatted
[INFO] : 03-09-2022 00:35:57 - date formatted
[INFO] : 03-09-2022 00:35:57 - new match
[INFO] : 03-09-2022 00:35:58 - date formatted
[INFO] : 03-09-2022 00:35:58 - date formatted
[INFO] : 03-09-2022 00:35:58 - new match
[INFO] : 03-09-2022 00:35:58 - date formatted
[INFO] : 03-09-2022 00:35:58 - date formatted
[INFO] : 03-09-2022 00:35:58 - new match
[INFO] : 03-09-2022 00:35:58 - date formatted
[INFO] : 03-09-2022 00:35:58 - date formatted
[INFO] : 03-09-2022 00:35:58 - new match
[INFO] : 03-09-2022 00:35:58 - date formatted
[INFO] : 03-09-2022 00:35:58 - date formatted
[INFO] : 03-09-2022 00:35:58 - new match
[INFO] : 03-09-2022 00:35:58 - date formatted
[INFO] : 03-09-2022 00:35:58 - date formatted
[INFO] : 03-09-2022 00:35:58 - new match
[INFO] : 03-09-2022 00:35:58 - date formatted
[INFO] : 03-09-2022 00:35:58 - date formatted
[INFO] : 03-09-2022 00:35:58 - new match
[INFO] : 03-09-2022 00:35:58 - date formatted
[INFO] : 03-09-2022 00:35:58 - date formatted
[INFO] : 03-09-2022 00:35:58 - new match
[INFO] : 03-09-2022 00:35:59 - date formatted
[INFO] : 03-09-2022 00:35:59 - date formatted
[INFO] : 03-09-2022 00:35:59 - new match
[INFO] : 03-09-2022 00:35:59 - date formatted
[INFO] : 03-09-2022 00:35:59 - date formatted
[INFO] : 03-09-2022 00:35:59 - new match
[INFO] : 03-09-2022 00:35:59 - date formatted
[INFO] : 03-09-2022 00:35:59 - date formatted
[INFO] : 03-09-2022 00:35:59 - new match
[INFO] : 03-09-2022 00:35:59 - date formatted
[INFO] : 03-09-2022 00:35:59 - date formatted
[INFO] : 03-09-2022 00:35:59 - new match
[INFO] : 03-09-2022 00:35:59 - date formatted
[INFO] : 03-09-2022 00:35:59 - date formatted
[INFO] : 03-09-2022 00:35:59 - new match
[INFO] : 03-09-2022 00:35:59 - date formatted
[INFO] : 03-09-2022 00:35:59 - date formatted
[INFO] : 03-09-2022 00:35:59 - Day 3: Monday, September 20, 2021
[INFO] : 03-09-2022 00:35:59 - new match
[INFO] : 03-09-2022 00:35:59 - date formatted
[INFO] : 03-09-2022 00:35:59 - date formatted
[INFO] : 03-09-2022 00:39:04 - Day 1: Thursday, September 16, 2021
[INFO] : 03-09-2022 00:39:10 - new match
[INFO] : 03-09-2022 00:39:12 - date formatted
[INFO] : 03-09-2022 00:39:13 - date formatted
[INFO] : 03-09-2022 00:39:13 - Day 2: Sunday, September 19, 2021
[INFO] : 03-09-2022 00:39:13 - new match
[INFO] : 03-09-2022 00:39:13 - date formatted
[INFO] : 03-09-2022 00:39:13 - date formatted
[INFO] : 03-09-2022 00:39:13 - new match
[INFO] : 03-09-2022 00:39:14 - date formatted
[INFO] : 03-09-2022 00:39:14 - date formatted
[INFO] : 03-09-2022 00:39:14 - new match
[INFO] : 03-09-2022 00:39:14 - date formatted
[INFO] : 03-09-2022 00:39:14 - date formatted
[INFO] : 03-09-2022 00:39:14 - new match
[INFO] : 03-09-2022 00:39:14 - date formatted
[INFO] : 03-09-2022 00:39:14 - date formatted
[INFO] : 03-09-2022 00:39:14 - new match
[INFO] : 03-09-2022 00:39:14 - date formatted
[INFO] : 03-09-2022 00:39:14 - date formatted
[INFO] : 03-09-2022 00:39:14 - new match
[INFO] : 03-09-2022 00:39:14 - date formatted
[INFO] : 03-09-2022 00:39:14 - date formatted
[INFO] : 03-09-2022 00:39:14 - new match
[INFO] : 03-09-2022 00:39:14 - date formatted
[INFO] : 03-09-2022 00:39:14 - date formatted
[INFO] : 03-09-2022 00:39:14 - new match
[INFO] : 03-09-2022 00:39:14 - date formatted
[INFO] : 03-09-2022 00:39:14 - date formatted
[INFO] : 03-09-2022 00:39:14 - new match
[INFO] : 03-09-2022 00:39:14 - date formatted
[INFO] : 03-09-2022 00:39:15 - date formatted
[INFO] : 03-09-2022 00:39:15 - new match
[INFO] : 03-09-2022 00:39:15 - date formatted
[INFO] : 03-09-2022 00:39:15 - date formatted
[INFO] : 03-09-2022 00:39:15 - new match
[INFO] : 03-09-2022 00:39:15 - date formatted
[INFO] : 03-09-2022 00:39:15 - date formatted
[INFO] : 03-09-2022 00:39:15 - new match
[INFO] : 03-09-2022 00:39:15 - date formatted
[INFO] : 03-09-2022 00:39:15 - date formatted
[INFO] : 03-09-2022 00:39:15 - new match
[INFO] : 03-09-2022 00:39:15 - date formatted
[INFO] : 03-09-2022 00:39:15 - date formatted
[INFO] : 03-09-2022 00:39:15 - new match
[INFO] : 03-09-2022 00:39:15 - date formatted
[INFO] : 03-09-2022 00:39:15 - date formatted
[INFO] : 03-09-2022 00:39:15 - Day 3: Monday, September 20, 2021
[INFO] : 03-09-2022 00:39:15 - new match
[INFO] : 03-09-2022 00:39:15 - date formatted
[INFO] : 03-09-2022 00:39:15 - date formatted
[INFO] : 03-09-2022 00:44:33 - Day 1: Thursday, September 16, 2021
[INFO] : 03-09-2022 00:44:40 - new match
[INFO] : 03-09-2022 00:44:41 - date formatted
[INFO] : 03-09-2022 00:44:43 - date formatted
[INFO] : 03-09-2022 00:44:43 - Day 2: Sunday, September 19, 2021
[INFO] : 03-09-2022 00:44:43 - new match
[INFO] : 03-09-2022 00:44:43 - date formatted
[INFO] : 03-09-2022 00:44:44 - date formatted
[INFO] : 03-09-2022 00:44:44 - new match
[INFO] : 03-09-2022 00:44:44 - date formatted
[INFO] : 03-09-2022 00:44:44 - date formatted
[INFO] : 03-09-2022 00:44:44 - new match
[INFO] : 03-09-2022 00:44:44 - date formatted
[INFO] : 03-09-2022 00:44:44 - date formatted
[INFO] : 03-09-2022 00:44:44 - new match
[INFO] : 03-09-2022 00:44:44 - date formatted
[INFO] : 03-09-2022 00:44:44 - date formatted
[INFO] : 03-09-2022 00:44:44 - new match
[INFO] : 03-09-2022 00:44:44 - date formatted
[INFO] : 03-09-2022 00:44:44 - date formatted
[INFO] : 03-09-2022 00:44:44 - new match
[INFO] : 03-09-2022 00:44:44 - date formatted
[INFO] : 03-09-2022 00:44:44 - date formatted
[INFO] : 03-09-2022 00:44:44 - new match
[INFO] : 03-09-2022 00:44:44 - date formatted
[INFO] : 03-09-2022 00:44:45 - date formatted
[INFO] : 03-09-2022 00:44:45 - new match
[INFO] : 03-09-2022 00:44:45 - date formatted
[INFO] : 03-09-2022 00:44:45 - date formatted
[INFO] : 03-09-2022 00:44:45 - new match
[INFO] : 03-09-2022 00:44:45 - date formatted
[INFO] : 03-09-2022 00:44:45 - date formatted
[INFO] : 03-09-2022 00:44:45 - new match
[INFO] : 03-09-2022 00:44:45 - date formatted
[INFO] : 03-09-2022 00:44:45 - date formatted
[INFO] : 03-09-2022 00:44:45 - new match
[INFO] : 03-09-2022 00:44:45 - date formatted
[INFO] : 03-09-2022 00:44:45 - date formatted
[INFO] : 03-09-2022 00:44:45 - new match
[INFO] : 03-09-2022 00:44:45 - date formatted
[INFO] : 03-09-2022 00:44:45 - date formatted
[INFO] : 03-09-2022 00:44:45 - new match
[INFO] : 03-09-2022 00:44:45 - date formatted
[INFO] : 03-09-2022 00:44:45 - date formatted
[INFO] : 03-09-2022 00:44:45 - new match
[INFO] : 03-09-2022 00:44:45 - date formatted
[INFO] : 03-09-2022 00:44:45 - date formatted
[INFO] : 03-09-2022 00:44:46 - Day 3: Monday, September 20, 2021
[INFO] : 03-09-2022 00:44:46 - new match
[INFO] : 03-09-2022 00:44:46 - date formatted
[INFO] : 03-09-2022 00:44:46 - date formatted
[INFO] : 03-09-2022 00:44:46 - headless: False - 40.7256920337677

[INFO] : 03-09-2022 00:51:07 - headless: False - 1.2490630149841309

[INFO] : 03-09-2022 00:53:07 - new season type
[INFO] : 03-09-2022 00:59:01 - new season type
[INFO] : 03-09-2022 00:59:48 - new season type
[INFO] : 03-09-2022 01:00:27 - Day 1: Thursday, August 5, 2021
[INFO] : 03-09-2022 01:00:30 - new match
[INFO] : 03-09-2022 01:00:31 - date formatted
[INFO] : 03-09-2022 01:00:31 - date formatted
[INFO] : 03-09-2022 01:00:44 - Day 2: Thursday, August 12, 2021
[INFO] : 03-09-2022 01:00:44 - new match
[INFO] : 03-09-2022 01:00:44 - date formatted
[INFO] : 03-09-2022 01:00:44 - date formatted
[INFO] : 03-09-2022 01:00:44 - new match
[INFO] : 03-09-2022 01:00:44 - date formatted
[INFO] : 03-09-2022 01:00:44 - date formatted
[INFO] : 03-09-2022 01:00:44 - Day 3: Friday, August 13, 2021
[INFO] : 03-09-2022 01:00:44 - new match
[INFO] : 03-09-2022 01:00:44 - date formatted
[INFO] : 03-09-2022 01:00:44 - date formatted
[INFO] : 03-09-2022 01:00:44 - new match
[INFO] : 03-09-2022 01:00:44 - date formatted
[INFO] : 03-09-2022 01:00:44 - date formatted
[INFO] : 03-09-2022 01:00:44 - new match
[INFO] : 03-09-2022 01:00:45 - date formatted
[INFO] : 03-09-2022 01:00:45 - date formatted
[INFO] : 03-09-2022 01:00:45 - Day 4: Saturday, August 14, 2021
[INFO] : 03-09-2022 01:00:45 - new match
[INFO] : 03-09-2022 01:00:45 - date formatted
[INFO] : 03-09-2022 01:00:45 - date formatted
[INFO] : 03-09-2022 01:00:45 - new match
[INFO] : 03-09-2022 01:00:45 - date formatted
[INFO] : 03-09-2022 01:00:47 - date formatted
[INFO] : 03-09-2022 01:00:47 - new match
[INFO] : 03-09-2022 01:00:48 - date formatted
[INFO] : 03-09-2022 01:00:48 - date formatted
[INFO] : 03-09-2022 01:00:48 - new match
[INFO] : 03-09-2022 01:00:48 - date formatted
[INFO] : 03-09-2022 01:01:25 - Day 1: Thursday, September 16, 2021
[INFO] : 03-09-2022 01:01:30 - new match
[INFO] : 03-09-2022 01:01:30 - date formatted
[INFO] : 03-09-2022 01:01:30 - date formatted
[INFO] : 03-09-2022 01:01:30 - Day 2: Sunday, September 19, 2021
[INFO] : 03-09-2022 01:01:30 - new match
[INFO] : 03-09-2022 01:01:31 - date formatted
[INFO] : 03-09-2022 01:01:31 - date formatted
[INFO] : 03-09-2022 01:01:31 - new match
[INFO] : 03-09-2022 01:01:31 - date formatted
[INFO] : 03-09-2022 01:01:32 - date formatted
[INFO] : 03-09-2022 01:01:32 - new match
[INFO] : 03-09-2022 01:01:33 - date formatted
[INFO] : 03-09-2022 01:01:33 - date formatted
[INFO] : 03-09-2022 01:01:33 - new match
[INFO] : 03-09-2022 01:01:33 - date formatted
[INFO] : 03-09-2022 01:01:34 - date formatted
[INFO] : 03-09-2022 01:01:34 - new match
[INFO] : 03-09-2022 01:01:34 - date formatted
[INFO] : 03-09-2022 01:01:34 - date formatted
[INFO] : 03-09-2022 01:01:34 - new match
[INFO] : 03-09-2022 01:01:34 - date formatted
[INFO] : 03-09-2022 01:01:34 - date formatted
[INFO] : 03-09-2022 01:01:34 - new match
[INFO] : 03-09-2022 01:01:34 - date formatted
[INFO] : 03-09-2022 01:01:34 - date formatted
[INFO] : 03-09-2022 01:01:34 - new match
[INFO] : 03-09-2022 01:01:34 - date formatted
[INFO] : 03-09-2022 01:01:34 - date formatted
[INFO] : 03-09-2022 01:01:34 - new match
[INFO] : 03-09-2022 01:01:34 - date formatted
[INFO] : 03-09-2022 01:01:34 - date formatted
[INFO] : 03-09-2022 01:01:34 - new match
[INFO] : 03-09-2022 01:01:35 - date formatted
[INFO] : 03-09-2022 01:01:35 - date formatted
[INFO] : 03-09-2022 01:01:35 - new match
[INFO] : 03-09-2022 01:01:35 - date formatted
[INFO] : 03-09-2022 01:01:35 - date formatted
[INFO] : 03-09-2022 01:01:35 - new match
[INFO] : 03-09-2022 01:01:35 - date formatted
[INFO] : 03-09-2022 01:01:35 - date formatted
[INFO] : 03-09-2022 01:01:35 - new match
[INFO] : 03-09-2022 01:01:35 - date formatted
[INFO] : 03-09-2022 01:01:35 - date formatted
[INFO] : 03-09-2022 01:01:35 - new match
[INFO] : 03-09-2022 01:01:35 - date formatted
[INFO] : 03-09-2022 01:01:35 - date formatted
[INFO] : 03-09-2022 01:01:35 - Day 3: Monday, September 20, 2021
[INFO] : 03-09-2022 01:01:35 - new match
[INFO] : 03-09-2022 01:01:35 - date formatted
[INFO] : 03-09-2022 01:01:35 - date formatted
[INFO] : 03-09-2022 01:01:35 - headless: False - 39.18460726737976

[INFO] : 03-09-2022 01:02:20 - Day 1: Thursday, September 16, 2021
[INFO] : 03-09-2022 01:02:20 - new match
[INFO] : 03-09-2022 01:02:25 - date formatted
[INFO] : 03-09-2022 01:02:27 - date formatted
[INFO] : 03-09-2022 01:02:28 - Day 2: Sunday, September 19, 2021
[INFO] : 03-09-2022 01:02:28 - new match
[INFO] : 03-09-2022 01:02:29 - date formatted
[INFO] : 03-09-2022 01:02:29 - date formatted
[INFO] : 03-09-2022 01:02:29 - new match
[INFO] : 03-09-2022 01:02:29 - date formatted
[INFO] : 03-09-2022 01:02:29 - date formatted
[INFO] : 03-09-2022 01:02:29 - new match
[INFO] : 03-09-2022 01:02:29 - date formatted
[INFO] : 03-09-2022 01:02:29 - date formatted
[INFO] : 03-09-2022 01:02:29 - new match
[INFO] : 03-09-2022 01:02:29 - date formatted
[INFO] : 03-09-2022 01:02:29 - date formatted
[INFO] : 03-09-2022 01:02:29 - new match
[INFO] : 03-09-2022 01:02:30 - date formatted
[INFO] : 03-09-2022 01:02:30 - date formatted
[INFO] : 03-09-2022 01:02:30 - new match
[INFO] : 03-09-2022 01:02:30 - date formatted
[INFO] : 03-09-2022 01:02:30 - date formatted
[INFO] : 03-09-2022 01:02:30 - new match
[INFO] : 03-09-2022 01:02:30 - date formatted
[INFO] : 03-09-2022 01:02:30 - date formatted
[INFO] : 03-09-2022 01:02:30 - new match
[INFO] : 03-09-2022 01:02:30 - date formatted
[INFO] : 03-09-2022 01:02:30 - date formatted
[INFO] : 03-09-2022 01:02:30 - new match
[INFO] : 03-09-2022 01:02:30 - date formatted
[INFO] : 03-09-2022 01:02:30 - date formatted
[INFO] : 03-09-2022 01:02:30 - new match
[INFO] : 03-09-2022 01:02:30 - date formatted
[INFO] : 03-09-2022 01:02:30 - date formatted
[INFO] : 03-09-2022 01:02:30 - new match
[INFO] : 03-09-2022 01:02:30 - date formatted
[INFO] : 03-09-2022 01:02:30 - date formatted
[INFO] : 03-09-2022 01:02:30 - new match
[INFO] : 03-09-2022 01:02:31 - date formatted
[INFO] : 03-09-2022 01:02:31 - date formatted
[INFO] : 03-09-2022 01:02:31 - new match
[INFO] : 03-09-2022 01:02:31 - date formatted
[INFO] : 03-09-2022 01:02:31 - date formatted
[INFO] : 03-09-2022 01:02:31 - new match
[INFO] : 03-09-2022 01:02:31 - date formatted
[INFO] : 03-09-2022 01:02:31 - date formatted
[INFO] : 03-09-2022 01:02:31 - Day 3: Monday, September 20, 2021
[INFO] : 03-09-2022 01:02:31 - new match
[INFO] : 03-09-2022 01:02:32 - date formatted
[INFO] : 03-09-2022 01:02:32 - date formatted
[INFO] : 03-09-2022 01:02:32 - headless: True - 34.652397871017456

